2021-05-25 21:55:55.469 INFO  com.ibegu.dalao.config.DalaoApplicationTests      :55   [32m                  [0;39m Starting DalaoApplicationTests using Java 1.8.0_251 on LAPTOP-VPC0K48T with PID 14952 (started by Lenovo in D:\Study\dalao04)
2021-05-25 21:55:55.479 INFO  com.ibegu.dalao.config.DalaoApplicationTests      :660  [32m                  [0;39m No active profile set, falling back to default profiles: default
2021-05-25 21:55:55.479 INFO  org.hibernate.validator.internal.util.Version     :21   [32m                  [0;39m HV000001: Hibernate Validator 6.1.6.Final
2021-05-25 21:55:58.530 INFO  o.s.scheduling.concurrent.ThreadPoolTaskExecutor  :181  [32m                  [0;39m Initializing ExecutorService 'applicationTaskExecutor'
2021-05-25 21:55:59.804 INFO  com.ibegu.dalao.config.DalaoApplicationTests      :61   [32m                  [0;39m Started DalaoApplicationTests in 4.797 seconds (JVM running for 5.885)
2021-05-25 21:56:01.204 INFO  o.s.scheduling.concurrent.ThreadPoolTaskExecutor  :218  [32m                  [0;39m Shutting down ExecutorService 'applicationTaskExecutor'
2021-05-25 21:56:17.519 INFO  org.hibernate.validator.internal.util.Version     :21   [32m                  [0;39m HV000001: Hibernate Validator 6.1.6.Final
2021-05-25 21:56:17.539 INFO  com.ibegu.dalao.config.DalaoApplication           :55   [32m                  [0;39m Starting DalaoApplication using Java 1.8.0_251 on LAPTOP-VPC0K48T with PID 8876 (D:\Study\dalao04\target\classes started by Lenovo in D:\Study\dalao04)
2021-05-25 21:56:17.539 INFO  com.ibegu.dalao.config.DalaoApplication           :660  [32m                  [0;39m No active profile set, falling back to default profiles: default
2021-05-25 21:56:17.669 INFO  o.s.b.d.env.DevToolsPropertyDefaultsPostProcessor :255  [32m                  [0;39m Devtools property defaults active! Set 'spring.devtools.add-properties' to 'false' to disable
2021-05-25 21:56:17.669 INFO  o.s.b.d.env.DevToolsPropertyDefaultsPostProcessor :255  [32m                  [0;39m For additional web related logging consider setting the 'logging.level.web' property to 'DEBUG'
2021-05-25 21:56:20.515 INFO  o.s.boot.web.embedded.tomcat.TomcatWebServer      :108  [32m                  [0;39m Tomcat initialized with port(s): 8002 (http)
2021-05-25 21:56:20.556 INFO  org.apache.coyote.http11.Http11NioProtocol        :173  [32m                  [0;39m Initializing ProtocolHandler ["http-nio-8002"]
2021-05-25 21:56:20.556 INFO  org.apache.catalina.core.StandardService          :173  [32m                  [0;39m Starting service [Tomcat]
2021-05-25 21:56:20.559 INFO  org.apache.catalina.core.StandardEngine           :173  [32m                  [0;39m Starting Servlet engine: [Apache Tomcat/9.0.39]
2021-05-25 21:56:20.854 INFO  o.a.c.core.ContainerBase.[Tomcat].[localhost].[/] :173  [32m                  [0;39m Initializing Spring embedded WebApplicationContext
2021-05-25 21:56:20.854 INFO  o.s.b.w.s.c.ServletWebServerApplicationContext    :289  [32m                  [0;39m Root WebApplicationContext: initialization completed in 3180 ms
2021-05-25 21:56:22.369 INFO  o.s.scheduling.concurrent.ThreadPoolTaskExecutor  :181  [32m                  [0;39m Initializing ExecutorService 'applicationTaskExecutor'
2021-05-25 21:56:23.459 INFO  o.s.b.d.autoconfigure.OptionalLiveReloadServer    :58   [32m                  [0;39m LiveReload server is running on port 35729
2021-05-25 21:56:23.479 INFO  org.apache.coyote.http11.Http11NioProtocol        :173  [32m                  [0;39m Starting ProtocolHandler ["http-nio-8002"]
2021-05-25 21:56:23.489 INFO  o.s.boot.web.embedded.tomcat.TomcatWebServer      :220  [32m                  [0;39m Tomcat started on port(s): 8002 (http) with context path ''
2021-05-25 21:56:23.539 INFO  com.ibegu.dalao.config.DalaoApplication           :61   [32m                  [0;39m Started DalaoApplication in 7.247 seconds (JVM running for 10.965)
2021-05-25 21:56:23.549 INFO  com.ibegu.dalao.config.DalaoApplication           :25   [32m                  [0;39m å¯åŠ¨æˆåŠŸï¼ï¼
2021-05-25 21:56:23.549 INFO  com.ibegu.dalao.config.DalaoApplication           :26   [32m                  [0;39m åœ°å€: 	http://127.0.0.1:8002
2021-05-25 21:57:19.193 INFO  o.a.c.core.ContainerBase.[Tomcat].[localhost].[/] :173  [32m                  [0;39m Initializing Spring DispatcherServlet 'dispatcherServlet'
2021-05-25 21:57:19.193 INFO  org.springframework.web.servlet.DispatcherServlet :525  [32m                  [0;39m Initializing Servlet 'dispatcherServlet'
2021-05-25 21:57:19.193 INFO  org.springframework.web.servlet.DispatcherServlet :547  [32m                  [0;39m Completed initialization in 0 ms
2021-05-25 21:57:19.519 INFO  com.ibegu.dalao.aspect.LogAspect                  :52   [32m                  [0;39m ------------- å¼€å§‹ -------------
2021-05-25 21:57:19.519 INFO  com.ibegu.dalao.aspect.LogAspect                  :52   [32m                  [0;39m ------------- å¼€å§‹ -------------
2021-05-25 21:57:19.519 INFO  com.ibegu.dalao.aspect.LogAspect                  :53   [32m                  [0;39m è¯·æ±‚åœ°å€: http://localhost:8002/demo/list GET
2021-05-25 21:57:19.519 INFO  com.ibegu.dalao.aspect.LogAspect                  :53   [32m                  [0;39m è¯·æ±‚åœ°å€: http://localhost:8002/demo/list GET
2021-05-25 21:57:19.519 INFO  com.ibegu.dalao.aspect.LogAspect                  :54   [32m                  [0;39m ç±»åæ–¹æ³•: com.ibegu.dalao.controller.DemoController.list
2021-05-25 21:57:19.519 INFO  com.ibegu.dalao.aspect.LogAspect                  :54   [32m                  [0;39m ç±»åæ–¹æ³•: com.ibegu.dalao.controller.DemoController.list
2021-05-25 21:57:19.519 INFO  com.ibegu.dalao.aspect.LogAspect                  :55   [32m                  [0;39m è¿œç¨‹åœ°å€: 127.0.0.1
2021-05-25 21:57:19.519 INFO  com.ibegu.dalao.aspect.LogAspect                  :55   [32m                  [0;39m è¿œç¨‹åœ°å€: 127.0.0.1
2021-05-25 21:57:19.749 INFO  com.ibegu.dalao.aspect.LogAspect                  :77   [32m                  [0;39m è¯·æ±‚å‚æ•°: [{}]
2021-05-25 21:57:19.749 INFO  com.ibegu.dalao.aspect.LogAspect                  :77   [32m                  [0;39m è¯·æ±‚å‚æ•°: [{}]
2021-05-25 21:57:19.969 INFO  com.zaxxer.hikari.HikariDataSource                :110  [32m                  [0;39m HikariPool-1 - Starting...
2021-05-25 21:57:20.519 INFO  com.zaxxer.hikari.HikariDataSource                :123  [32m                  [0;39m HikariPool-1 - Start completed.
2021-05-25 21:57:20.619 INFO  com.ibegu.dalao.aspect.LogAspect                  :97   [32m                  [0;39m è¿”å›ç»“æœ: {"content":[],"success":true}
2021-05-25 21:57:20.619 INFO  com.ibegu.dalao.aspect.LogAspect                  :97   [32m                  [0;39m è¿”å›ç»“æœ: {"content":[],"success":true}
2021-05-25 21:57:20.619 INFO  com.ibegu.dalao.aspect.LogAspect                  :98   [32m                  [0;39m ------------- ç»“æŸ è€—æ—¶ï¼š1110 ms -------------
2021-05-25 21:57:20.619 INFO  com.ibegu.dalao.aspect.LogAspect                  :98   [32m                  [0;39m ------------- ç»“æŸ è€—æ—¶ï¼š1110 ms -------------
2021-05-25 21:57:22.809 INFO  com.ibegu.dalao.aspect.LogAspect                  :52   [32m                  [0;39m ------------- å¼€å§‹ -------------
2021-05-25 21:57:22.809 INFO  com.ibegu.dalao.aspect.LogAspect                  :53   [32m                  [0;39m è¯·æ±‚åœ°å€: http://localhost:8002/contest/contestList GET
2021-05-25 21:57:22.809 INFO  com.ibegu.dalao.aspect.LogAspect                  :54   [32m                  [0;39m ç±»åæ–¹æ³•: com.ibegu.dalao.controller.ContestController.getContestList
2021-05-25 21:57:22.809 INFO  com.ibegu.dalao.aspect.LogAspect                  :55   [32m                  [0;39m è¿œç¨‹åœ°å€: 127.0.0.1
2021-05-25 21:57:22.809 INFO  com.ibegu.dalao.aspect.LogAspect                  :52   [32m                  [0;39m ------------- å¼€å§‹ -------------
2021-05-25 21:57:22.809 INFO  com.ibegu.dalao.aspect.LogAspect                  :53   [32m                  [0;39m è¯·æ±‚åœ°å€: http://localhost:8002/participant/pdetail GET
2021-05-25 21:57:22.809 INFO  com.ibegu.dalao.aspect.LogAspect                  :54   [32m                  [0;39m ç±»åæ–¹æ³•: com.ibegu.dalao.controller.ParticipantController.getDetail
2021-05-25 21:57:22.809 INFO  com.ibegu.dalao.aspect.LogAspect                  :55   [32m                  [0;39m è¿œç¨‹åœ°å€: 127.0.0.1
2021-05-25 21:57:22.819 INFO  com.ibegu.dalao.aspect.LogAspect                  :77   [32m                  [0;39m è¯·æ±‚å‚æ•°: [{"page":0,"pid":1,"size":0}]
2021-05-25 21:57:22.824 INFO  com.ibegu.dalao.aspect.LogAspect                  :77   [32m                  [0;39m è¯·æ±‚å‚æ•°: [{"page":0,"pid":1,"size":0}]
2021-05-25 21:57:22.849 INFO  com.ibegu.dalao.aspect.LogAspect                  :97   [32m                  [0;39m è¿”å›ç»“æœ: {"content":[{"audience":"å…¨å›½","category":"\r\n\r\n    æ•°å­¦ è®¡ç®—æœº&ä¿¡æ¯æŠ€æœ¯\r\n\r\næ•°å­¦ è®¡ç®—æœº&ä¿¡æ¯æŠ€æœ¯","cid":1,"competeEndTime":1622304000000,"competeStartTime":1622044800000,"contestName":"2021å¹´å…¨å›½å¤§å­¦ç”Ÿæ•°æ®ç»Ÿè®¡ä¸åˆ†æç«èµ›","contestStatus":0,"entryFee":150,"pageView":10,"rank":" å…¨å›½æ€§","registrationEndTime":1621526400000,"registrationStartTime":1618156800000,"sponsorId":1,"type":"ç»„é˜Ÿèµ›"},{"audience":"å…¨å›½","category":"Wordã€Excelã€PPTã€Cè¯­è¨€ã€C++ã€Java","cid":2,"competeEndTime":1621612800000,"competeStartTime":1621440000000,"contestName":"2021å¹´å…¨å›½å¤§å­¦ç”ŸæŠ€æœ¯ç«èµ›","contestStatus":1,"entryFee":200,"pageView":30,"rank":"å…¨å›½æ€§","registrationEndTime":1622304000000,"registrationStartTime":1621440000000,"sponsorId":2,"type":"ä¸ªäººèµ›"}],"success":true}
2021-05-25 21:57:22.849 INFO  com.ibegu.dalao.aspect.LogAspect                  :98   [32m                  [0;39m ------------- ç»“æŸ è€—æ—¶ï¼š40 ms -------------
2021-05-25 21:57:22.854 INFO  com.ibegu.dalao.aspect.LogAspect                  :97   [32m                  [0;39m è¿”å›ç»“æœ: {"content":{"accountStatus":0,"avatar":"fsfasda","college":"è½¯ä»¶å­¦é™¢","email":"2134243@qq.com","gender":"ç”·","grade":"å¤§ä¸€","idNumber":"534645756843523","joinDate":1621526400000,"major":"è½¯ä»¶å·¥ç¨‹","name":"å¤§ä½¬","nickname":"dalao","page":0,"pid":1,"size":0,"studentId":"37129481982741","telNum":"12345678","university":"å››å·å¤§å­¦"},"success":true}
2021-05-25 21:57:22.854 INFO  com.ibegu.dalao.aspect.LogAspect                  :98   [32m                  [0;39m ------------- ç»“æŸ è€—æ—¶ï¼š45 ms -------------
2021-05-25 22:08:31.329 INFO  com.ibegu.dalao.aspect.LogAspect                  :52   [32m                  [0;39m ------------- å¼€å§‹ -------------
2021-05-25 22:08:31.329 INFO  com.ibegu.dalao.aspect.LogAspect                  :53   [32m                  [0;39m è¯·æ±‚åœ°å€: http://localhost:8002/participant/pdetail GET
2021-05-25 22:08:31.329 INFO  com.ibegu.dalao.aspect.LogAspect                  :54   [32m                  [0;39m ç±»åæ–¹æ³•: com.ibegu.dalao.controller.ParticipantController.getDetail
2021-05-25 22:08:31.329 INFO  com.ibegu.dalao.aspect.LogAspect                  :55   [32m                  [0;39m è¿œç¨‹åœ°å€: 127.0.0.1
2021-05-25 22:08:31.329 INFO  com.ibegu.dalao.aspect.LogAspect                  :77   [32m                  [0;39m è¯·æ±‚å‚æ•°: [{"page":0,"pid":1,"size":0}]
2021-05-25 22:08:31.329 INFO  com.ibegu.dalao.aspect.LogAspect                  :97   [32m                  [0;39m è¿”å›ç»“æœ: {"content":{"accountStatus":0,"avatar":"fsfasda","college":"è½¯ä»¶å­¦é™¢","email":"2134243@qq.com","gender":"ç”·","grade":"å¤§ä¸€","idNumber":"534645756843523","joinDate":1621526400000,"major":"è½¯ä»¶å·¥ç¨‹","name":"å¤§ä½¬","nickname":"dalao","page":0,"pid":1,"size":0,"studentId":"37129481982741","telNum":"12345678","university":"å››å·å¤§å­¦"},"success":true}
2021-05-25 22:08:31.340 INFO  com.ibegu.dalao.aspect.LogAspect                  :98   [32m                  [0;39m ------------- ç»“æŸ è€—æ—¶ï¼š11 ms -------------
2021-05-25 22:08:31.350 INFO  com.ibegu.dalao.aspect.LogAspect                  :52   [32m                  [0;39m ------------- å¼€å§‹ -------------
2021-05-25 22:08:31.350 INFO  com.ibegu.dalao.aspect.LogAspect                  :53   [32m                  [0;39m è¯·æ±‚åœ°å€: http://localhost:8002/contest/contestList GET
2021-05-25 22:08:31.350 INFO  com.ibegu.dalao.aspect.LogAspect                  :54   [32m                  [0;39m ç±»åæ–¹æ³•: com.ibegu.dalao.controller.ContestController.getContestList
2021-05-25 22:08:31.350 INFO  com.ibegu.dalao.aspect.LogAspect                  :55   [32m                  [0;39m è¿œç¨‹åœ°å€: 127.0.0.1
2021-05-25 22:08:31.350 INFO  com.ibegu.dalao.aspect.LogAspect                  :77   [32m                  [0;39m è¯·æ±‚å‚æ•°: [{"page":0,"pid":1,"size":0}]
2021-05-25 22:08:31.360 INFO  com.ibegu.dalao.aspect.LogAspect                  :97   [32m                  [0;39m è¿”å›ç»“æœ: {"content":[{"audience":"å…¨å›½","category":"\r\n\r\n    æ•°å­¦ è®¡ç®—æœº&ä¿¡æ¯æŠ€æœ¯\r\n\r\næ•°å­¦ è®¡ç®—æœº&ä¿¡æ¯æŠ€æœ¯","cid":1,"competeEndTime":1622304000000,"competeStartTime":1622044800000,"contestName":"2021å¹´å…¨å›½å¤§å­¦ç”Ÿæ•°æ®ç»Ÿè®¡ä¸åˆ†æç«èµ›","contestStatus":0,"entryFee":150,"pageView":10,"rank":" å…¨å›½æ€§","registrationEndTime":1621526400000,"registrationStartTime":1618156800000,"sponsorId":1,"type":"ç»„é˜Ÿèµ›"},{"audience":"å…¨å›½","category":"Wordã€Excelã€PPTã€Cè¯­è¨€ã€C++ã€Java","cid":2,"competeEndTime":1621612800000,"competeStartTime":1621440000000,"contestName":"2021å¹´å…¨å›½å¤§å­¦ç”ŸæŠ€æœ¯ç«èµ›","contestStatus":1,"entryFee":200,"pageView":30,"rank":"å…¨å›½æ€§","registrationEndTime":1622304000000,"registrationStartTime":1621440000000,"sponsorId":2,"type":"ä¸ªäººèµ›"}],"success":true}
2021-05-25 22:08:31.360 INFO  com.ibegu.dalao.aspect.LogAspect                  :98   [32m                  [0;39m ------------- ç»“æŸ è€—æ—¶ï¼š10 ms -------------
2021-05-25 22:08:31.400 INFO  com.ibegu.dalao.aspect.LogAspect                  :52   [32m                  [0;39m ------------- å¼€å§‹ -------------
2021-05-25 22:08:31.400 INFO  com.ibegu.dalao.aspect.LogAspect                  :52   [32m                  [0;39m ------------- å¼€å§‹ -------------
2021-05-25 22:08:31.400 INFO  com.ibegu.dalao.aspect.LogAspect                  :53   [32m                  [0;39m è¯·æ±‚åœ°å€: http://localhost:8002/participant/pdetail GET
2021-05-25 22:08:31.410 INFO  com.ibegu.dalao.aspect.LogAspect                  :53   [32m                  [0;39m è¯·æ±‚åœ°å€: http://localhost:8002/contest/contestList GET
2021-05-25 22:08:31.410 INFO  com.ibegu.dalao.aspect.LogAspect                  :54   [32m                  [0;39m ç±»åæ–¹æ³•: com.ibegu.dalao.controller.ParticipantController.getDetail
2021-05-25 22:08:31.410 INFO  com.ibegu.dalao.aspect.LogAspect                  :54   [32m                  [0;39m ç±»åæ–¹æ³•: com.ibegu.dalao.controller.ContestController.getContestList
2021-05-25 22:08:31.410 INFO  com.ibegu.dalao.aspect.LogAspect                  :55   [32m                  [0;39m è¿œç¨‹åœ°å€: 127.0.0.1
2021-05-25 22:08:31.410 INFO  com.ibegu.dalao.aspect.LogAspect                  :55   [32m                  [0;39m è¿œç¨‹åœ°å€: 127.0.0.1
2021-05-25 22:08:31.410 INFO  com.ibegu.dalao.aspect.LogAspect                  :77   [32m                  [0;39m è¯·æ±‚å‚æ•°: [{"page":0,"pid":1,"size":0}]
2021-05-25 22:08:31.410 INFO  com.ibegu.dalao.aspect.LogAspect                  :77   [32m                  [0;39m è¯·æ±‚å‚æ•°: [{"page":0,"pid":1,"size":0}]
2021-05-25 22:08:31.410 INFO  com.ibegu.dalao.aspect.LogAspect                  :97   [32m                  [0;39m è¿”å›ç»“æœ: {"content":{"accountStatus":0,"avatar":"fsfasda","college":"è½¯ä»¶å­¦é™¢","email":"2134243@qq.com","gender":"ç”·","grade":"å¤§ä¸€","idNumber":"534645756843523","joinDate":1621526400000,"major":"è½¯ä»¶å·¥ç¨‹","name":"å¤§ä½¬","nickname":"dalao","page":0,"pid":1,"size":0,"studentId":"37129481982741","telNum":"12345678","university":"å››å·å¤§å­¦"},"success":true}
2021-05-25 22:08:31.410 INFO  com.ibegu.dalao.aspect.LogAspect                  :97   [32m                  [0;39m è¿”å›ç»“æœ: {"content":[{"audience":"å…¨å›½","category":"\r\n\r\n    æ•°å­¦ è®¡ç®—æœº&ä¿¡æ¯æŠ€æœ¯\r\n\r\næ•°å­¦ è®¡ç®—æœº&ä¿¡æ¯æŠ€æœ¯","cid":1,"competeEndTime":1622304000000,"competeStartTime":1622044800000,"contestName":"2021å¹´å…¨å›½å¤§å­¦ç”Ÿæ•°æ®ç»Ÿè®¡ä¸åˆ†æç«èµ›","contestStatus":0,"entryFee":150,"pageView":10,"rank":" å…¨å›½æ€§","registrationEndTime":1621526400000,"registrationStartTime":1618156800000,"sponsorId":1,"type":"ç»„é˜Ÿèµ›"},{"audience":"å…¨å›½","category":"Wordã€Excelã€PPTã€Cè¯­è¨€ã€C++ã€Java","cid":2,"competeEndTime":1621612800000,"competeStartTime":1621440000000,"contestName":"2021å¹´å…¨å›½å¤§å­¦ç”ŸæŠ€æœ¯ç«èµ›","contestStatus":1,"entryFee":200,"pageView":30,"rank":"å…¨å›½æ€§","registrationEndTime":1622304000000,"registrationStartTime":1621440000000,"sponsorId":2,"type":"ä¸ªäººèµ›"}],"success":true}
2021-05-25 22:08:31.410 INFO  com.ibegu.dalao.aspect.LogAspect                  :98   [32m                  [0;39m ------------- ç»“æŸ è€—æ—¶ï¼š10 ms -------------
2021-05-25 22:08:31.410 INFO  com.ibegu.dalao.aspect.LogAspect                  :98   [32m                  [0;39m ------------- ç»“æŸ è€—æ—¶ï¼š10 ms -------------
2021-05-25 22:08:31.830 INFO  com.ibegu.dalao.aspect.LogAspect                  :52   [32m                  [0;39m ------------- å¼€å§‹ -------------
2021-05-25 22:08:31.830 INFO  com.ibegu.dalao.aspect.LogAspect                  :52   [32m                  [0;39m ------------- å¼€å§‹ -------------
2021-05-25 22:08:31.830 INFO  com.ibegu.dalao.aspect.LogAspect                  :53   [32m                  [0;39m è¯·æ±‚åœ°å€: http://localhost:8002/contest/contestList GET
2021-05-25 22:08:31.830 INFO  com.ibegu.dalao.aspect.LogAspect                  :53   [32m                  [0;39m è¯·æ±‚åœ°å€: http://localhost:8002/participant/pdetail GET
2021-05-25 22:08:31.830 INFO  com.ibegu.dalao.aspect.LogAspect                  :54   [32m                  [0;39m ç±»åæ–¹æ³•: com.ibegu.dalao.controller.ContestController.getContestList
2021-05-25 22:08:31.830 INFO  com.ibegu.dalao.aspect.LogAspect                  :54   [32m                  [0;39m ç±»åæ–¹æ³•: com.ibegu.dalao.controller.ParticipantController.getDetail
2021-05-25 22:08:31.830 INFO  com.ibegu.dalao.aspect.LogAspect                  :55   [32m                  [0;39m è¿œç¨‹åœ°å€: 127.0.0.1
2021-05-25 22:08:31.830 INFO  com.ibegu.dalao.aspect.LogAspect                  :55   [32m                  [0;39m è¿œç¨‹åœ°å€: 127.0.0.1
2021-05-25 22:08:31.830 INFO  com.ibegu.dalao.aspect.LogAspect                  :77   [32m                  [0;39m è¯·æ±‚å‚æ•°: [{"page":0,"pid":1,"size":0}]
2021-05-25 22:08:31.830 INFO  com.ibegu.dalao.aspect.LogAspect                  :77   [32m                  [0;39m è¯·æ±‚å‚æ•°: [{"page":0,"pid":1,"size":0}]
2021-05-25 22:08:31.830 INFO  com.ibegu.dalao.aspect.LogAspect                  :97   [32m                  [0;39m è¿”å›ç»“æœ: {"content":{"accountStatus":0,"avatar":"fsfasda","college":"è½¯ä»¶å­¦é™¢","email":"2134243@qq.com","gender":"ç”·","grade":"å¤§ä¸€","idNumber":"534645756843523","joinDate":1621526400000,"major":"è½¯ä»¶å·¥ç¨‹","name":"å¤§ä½¬","nickname":"dalao","page":0,"pid":1,"size":0,"studentId":"37129481982741","telNum":"12345678","university":"å››å·å¤§å­¦"},"success":true}
2021-05-25 22:08:31.830 INFO  com.ibegu.dalao.aspect.LogAspect                  :98   [32m                  [0;39m ------------- ç»“æŸ è€—æ—¶ï¼š0 ms -------------
2021-05-25 22:08:31.830 INFO  com.ibegu.dalao.aspect.LogAspect                  :97   [32m                  [0;39m è¿”å›ç»“æœ: {"content":[{"audience":"å…¨å›½","category":"\r\n\r\n    æ•°å­¦ è®¡ç®—æœº&ä¿¡æ¯æŠ€æœ¯\r\n\r\næ•°å­¦ è®¡ç®—æœº&ä¿¡æ¯æŠ€æœ¯","cid":1,"competeEndTime":1622304000000,"competeStartTime":1622044800000,"contestName":"2021å¹´å…¨å›½å¤§å­¦ç”Ÿæ•°æ®ç»Ÿè®¡ä¸åˆ†æç«èµ›","contestStatus":0,"entryFee":150,"pageView":10,"rank":" å…¨å›½æ€§","registrationEndTime":1621526400000,"registrationStartTime":1618156800000,"sponsorId":1,"type":"ç»„é˜Ÿèµ›"},{"audience":"å…¨å›½","category":"Wordã€Excelã€PPTã€Cè¯­è¨€ã€C++ã€Java","cid":2,"competeEndTime":1621612800000,"competeStartTime":1621440000000,"contestName":"2021å¹´å…¨å›½å¤§å­¦ç”ŸæŠ€æœ¯ç«èµ›","contestStatus":1,"entryFee":200,"pageView":30,"rank":"å…¨å›½æ€§","registrationEndTime":1622304000000,"registrationStartTime":1621440000000,"sponsorId":2,"type":"ä¸ªäººèµ›"}],"success":true}
2021-05-25 22:08:31.840 INFO  com.ibegu.dalao.aspect.LogAspect                  :98   [32m                  [0;39m ------------- ç»“æŸ è€—æ—¶ï¼š10 ms -------------
2021-05-25 22:12:57.660 INFO  com.ibegu.dalao.config.DalaoApplicationTests      :55   [32m                  [0;39m Starting DalaoApplicationTests using Java 1.8.0_251 on LAPTOP-VPC0K48T with PID 20804 (started by Lenovo in D:\Study\dalao04)
2021-05-25 22:12:57.660 INFO  com.ibegu.dalao.config.DalaoApplicationTests      :660  [32m                  [0;39m No active profile set, falling back to default profiles: default
2021-05-25 22:12:57.675 INFO  org.hibernate.validator.internal.util.Version     :21   [32m                  [0;39m HV000001: Hibernate Validator 6.1.6.Final
2021-05-25 22:13:04.560 INFO  o.s.scheduling.concurrent.ThreadPoolTaskExecutor  :181  [32m                  [0;39m Initializing ExecutorService 'applicationTaskExecutor'
2021-05-25 22:13:06.114 INFO  com.ibegu.dalao.config.DalaoApplicationTests      :61   [32m                  [0;39m Started DalaoApplicationTests in 9.35 seconds (JVM running for 11.584)
2021-05-25 22:13:07.115 INFO  o.s.scheduling.concurrent.ThreadPoolTaskExecutor  :218  [32m                  [0;39m Shutting down ExecutorService 'applicationTaskExecutor'
2021-05-25 22:13:16.470 INFO  org.hibernate.validator.internal.util.Version     :21   [32m                  [0;39m HV000001: Hibernate Validator 6.1.6.Final
2021-05-25 22:13:16.480 INFO  com.ibegu.dalao.config.DalaoApplication           :55   [32m                  [0;39m Starting DalaoApplication using Java 1.8.0_251 on LAPTOP-VPC0K48T with PID 14068 (D:\Study\dalao04\target\classes started by Lenovo in D:\Study\dalao04)
2021-05-25 22:13:16.480 INFO  com.ibegu.dalao.config.DalaoApplication           :660  [32m                  [0;39m No active profile set, falling back to default profiles: default
2021-05-25 22:13:16.540 INFO  o.s.b.d.env.DevToolsPropertyDefaultsPostProcessor :255  [32m                  [0;39m Devtools property defaults active! Set 'spring.devtools.add-properties' to 'false' to disable
2021-05-25 22:13:16.540 INFO  o.s.b.d.env.DevToolsPropertyDefaultsPostProcessor :255  [32m                  [0;39m For additional web related logging consider setting the 'logging.level.web' property to 'DEBUG'
2021-05-25 22:13:18.130 INFO  o.s.boot.web.embedded.tomcat.TomcatWebServer      :108  [32m                  [0;39m Tomcat initialized with port(s): 8002 (http)
2021-05-25 22:13:18.140 INFO  org.apache.coyote.http11.Http11NioProtocol        :173  [32m                  [0;39m Initializing ProtocolHandler ["http-nio-8002"]
2021-05-25 22:13:18.140 INFO  org.apache.catalina.core.StandardService          :173  [32m                  [0;39m Starting service [Tomcat]
2021-05-25 22:13:18.140 INFO  org.apache.catalina.core.StandardEngine           :173  [32m                  [0;39m Starting Servlet engine: [Apache Tomcat/9.0.39]
2021-05-25 22:13:18.215 INFO  o.a.c.core.ContainerBase.[Tomcat].[localhost].[/] :173  [32m                  [0;39m Initializing Spring embedded WebApplicationContext
2021-05-25 22:13:18.215 INFO  o.s.b.w.s.c.ServletWebServerApplicationContext    :289  [32m                  [0;39m Root WebApplicationContext: initialization completed in 1675 ms
2021-05-25 22:13:18.935 INFO  o.s.scheduling.concurrent.ThreadPoolTaskExecutor  :181  [32m                  [0;39m Initializing ExecutorService 'applicationTaskExecutor'
2021-05-25 22:13:19.655 INFO  o.s.b.d.autoconfigure.OptionalLiveReloadServer    :58   [32m                  [0;39m LiveReload server is running on port 35729
2021-05-25 22:13:19.680 INFO  org.apache.coyote.http11.Http11NioProtocol        :173  [32m                  [0;39m Starting ProtocolHandler ["http-nio-8002"]
2021-05-25 22:13:19.720 INFO  o.s.boot.web.embedded.tomcat.TomcatWebServer      :220  [32m                  [0;39m Tomcat started on port(s): 8002 (http) with context path ''
2021-05-25 22:13:19.720 INFO  com.ibegu.dalao.config.DalaoApplication           :61   [32m                  [0;39m Started DalaoApplication in 3.797 seconds (JVM running for 6.142)
2021-05-25 22:13:19.730 INFO  com.ibegu.dalao.config.DalaoApplication           :25   [32m                  [0;39m å¯åŠ¨æˆåŠŸï¼ï¼
2021-05-25 22:13:19.730 INFO  com.ibegu.dalao.config.DalaoApplication           :26   [32m                  [0;39m åœ°å€: 	http://127.0.0.1:8002
2021-05-25 22:13:19.980 INFO  o.a.c.core.ContainerBase.[Tomcat].[localhost].[/] :173  [32m                  [0;39m Initializing Spring DispatcherServlet 'dispatcherServlet'
2021-05-25 22:13:19.980 INFO  org.springframework.web.servlet.DispatcherServlet :525  [32m                  [0;39m Initializing Servlet 'dispatcherServlet'
2021-05-25 22:13:19.980 INFO  org.springframework.web.servlet.DispatcherServlet :547  [32m                  [0;39m Completed initialization in 0 ms
2021-05-25 22:13:20.090 INFO  com.ibegu.dalao.aspect.LogAspect                  :52   [32m                  [0;39m ------------- å¼€å§‹ -------------
2021-05-25 22:13:20.090 INFO  com.ibegu.dalao.aspect.LogAspect                  :52   [32m                  [0;39m ------------- å¼€å§‹ -------------
2021-05-25 22:13:20.090 INFO  com.ibegu.dalao.aspect.LogAspect                  :53   [32m                  [0;39m è¯·æ±‚åœ°å€: http://localhost:8002/demo/list GET
2021-05-25 22:13:20.090 INFO  com.ibegu.dalao.aspect.LogAspect                  :53   [32m                  [0;39m è¯·æ±‚åœ°å€: http://localhost:8002/contest/contestList GET
2021-05-25 22:13:20.090 INFO  com.ibegu.dalao.aspect.LogAspect                  :54   [32m                  [0;39m ç±»åæ–¹æ³•: com.ibegu.dalao.controller.DemoController.list
2021-05-25 22:13:20.090 INFO  com.ibegu.dalao.aspect.LogAspect                  :54   [32m                  [0;39m ç±»åæ–¹æ³•: com.ibegu.dalao.controller.ContestController.getContestList
2021-05-25 22:13:20.090 INFO  com.ibegu.dalao.aspect.LogAspect                  :55   [32m                  [0;39m è¿œç¨‹åœ°å€: 0:0:0:0:0:0:0:1
2021-05-25 22:13:20.090 INFO  com.ibegu.dalao.aspect.LogAspect                  :55   [32m                  [0;39m è¿œç¨‹åœ°å€: 0:0:0:0:0:0:0:1
2021-05-25 22:13:20.090 INFO  com.ibegu.dalao.aspect.LogAspect                  :52   [32m                  [0;39m ------------- å¼€å§‹ -------------
2021-05-25 22:13:20.090 INFO  com.ibegu.dalao.aspect.LogAspect                  :53   [32m                  [0;39m è¯·æ±‚åœ°å€: http://localhost:8002/participant/pdetail GET
2021-05-25 22:13:20.090 INFO  com.ibegu.dalao.aspect.LogAspect                  :54   [32m                  [0;39m ç±»åæ–¹æ³•: com.ibegu.dalao.controller.ParticipantController.getDetail
2021-05-25 22:13:20.090 INFO  com.ibegu.dalao.aspect.LogAspect                  :55   [32m                  [0;39m è¿œç¨‹åœ°å€: 0:0:0:0:0:0:0:1
2021-05-25 22:13:20.175 INFO  com.ibegu.dalao.aspect.LogAspect                  :77   [32m                  [0;39m è¯·æ±‚å‚æ•°: [{"page":0,"pid":1,"size":0}]
2021-05-25 22:13:20.175 INFO  com.ibegu.dalao.aspect.LogAspect                  :77   [32m                  [0;39m è¯·æ±‚å‚æ•°: [{}]
2021-05-25 22:13:20.179 INFO  com.ibegu.dalao.aspect.LogAspect                  :77   [32m                  [0;39m è¯·æ±‚å‚æ•°: [{"page":0,"pid":1,"size":0}]
2021-05-25 22:13:20.210 INFO  com.zaxxer.hikari.HikariDataSource                :110  [32m                  [0;39m HikariPool-1 - Starting...
2021-05-25 22:13:20.620 INFO  com.zaxxer.hikari.HikariDataSource                :123  [32m                  [0;39m HikariPool-1 - Start completed.
2021-05-25 22:13:20.704 INFO  com.ibegu.dalao.aspect.LogAspect                  :97   [32m                  [0;39m è¿”å›ç»“æœ: {"content":[],"success":true}
2021-05-25 22:13:20.704 INFO  com.ibegu.dalao.aspect.LogAspect                  :98   [32m                  [0;39m ------------- ç»“æŸ è€—æ—¶ï¼š624 ms -------------
2021-05-25 22:13:20.723 INFO  com.ibegu.dalao.aspect.LogAspect                  :97   [32m                  [0;39m è¿”å›ç»“æœ: {"content":[{"audience":"å…¨å›½","category":"\r\n\r\n    æ•°å­¦ è®¡ç®—æœº&ä¿¡æ¯æŠ€æœ¯\r\n\r\næ•°å­¦ è®¡ç®—æœº&ä¿¡æ¯æŠ€æœ¯","cid":1,"competeEndTime":1622304000000,"competeStartTime":1622044800000,"contestName":"2021å¹´å…¨å›½å¤§å­¦ç”Ÿæ•°æ®ç»Ÿè®¡ä¸åˆ†æç«èµ›","contestStatus":0,"entryFee":150,"pageView":10,"rank":" å…¨å›½æ€§","registrationEndTime":1621526400000,"registrationStartTime":1618156800000,"sponsorId":1,"type":"ç»„é˜Ÿèµ›"},{"audience":"å…¨å›½","category":"Wordã€Excelã€PPTã€Cè¯­è¨€ã€C++ã€Java","cid":2,"competeEndTime":1621612800000,"competeStartTime":1621440000000,"contestName":"2021å¹´å…¨å›½å¤§å­¦ç”ŸæŠ€æœ¯ç«èµ›","contestStatus":1,"entryFee":200,"pageView":30,"rank":"å…¨å›½æ€§","registrationEndTime":1622304000000,"registrationStartTime":1621440000000,"sponsorId":2,"type":"ä¸ªäººèµ›"}],"success":true}
2021-05-25 22:13:20.725 INFO  com.ibegu.dalao.aspect.LogAspect                  :98   [32m                  [0;39m ------------- ç»“æŸ è€—æ—¶ï¼š635 ms -------------
2021-05-25 22:13:20.725 INFO  com.ibegu.dalao.aspect.LogAspect                  :97   [32m                  [0;39m è¿”å›ç»“æœ: {"content":{"accountStatus":0,"avatar":"fsfasda","college":"è½¯ä»¶å­¦é™¢","email":"2134243@qq.com","gender":"ç”·","grade":"å¤§ä¸€","idNumber":"534645756843523","joinDate":1621526400000,"major":"è½¯ä»¶å·¥ç¨‹","name":"å¤§ä½¬","nickname":"dalao","page":0,"pid":1,"size":0,"studentId":"37129481982741","telNum":"12345678","university":"å››å·å¤§å­¦"},"success":true}
2021-05-25 22:13:20.725 INFO  com.ibegu.dalao.aspect.LogAspect                  :98   [32m                  [0;39m ------------- ç»“æŸ è€—æ—¶ï¼š635 ms -------------
2021-05-25 22:14:39.380 INFO  com.ibegu.dalao.aspect.LogAspect                  :52   [32m                  [0;39m ------------- å¼€å§‹ -------------
2021-05-25 22:14:39.380 INFO  com.ibegu.dalao.aspect.LogAspect                  :52   [32m                  [0;39m ------------- å¼€å§‹ -------------
2021-05-25 22:14:39.380 INFO  com.ibegu.dalao.aspect.LogAspect                  :53   [32m                  [0;39m è¯·æ±‚åœ°å€: http://localhost:8002/participant/pdetail GET
2021-05-25 22:14:39.380 INFO  com.ibegu.dalao.aspect.LogAspect                  :53   [32m                  [0;39m è¯·æ±‚åœ°å€: http://localhost:8002/contest/contestList GET
2021-05-25 22:14:39.380 INFO  com.ibegu.dalao.aspect.LogAspect                  :54   [32m                  [0;39m ç±»åæ–¹æ³•: com.ibegu.dalao.controller.ParticipantController.getDetail
2021-05-25 22:14:39.380 INFO  com.ibegu.dalao.aspect.LogAspect                  :54   [32m                  [0;39m ç±»åæ–¹æ³•: com.ibegu.dalao.controller.ContestController.getContestList
2021-05-25 22:14:39.380 INFO  com.ibegu.dalao.aspect.LogAspect                  :55   [32m                  [0;39m è¿œç¨‹åœ°å€: 0:0:0:0:0:0:0:1
2021-05-25 22:14:39.380 INFO  com.ibegu.dalao.aspect.LogAspect                  :55   [32m                  [0;39m è¿œç¨‹åœ°å€: 0:0:0:0:0:0:0:1
2021-05-25 22:14:39.380 INFO  com.ibegu.dalao.aspect.LogAspect                  :77   [32m                  [0;39m è¯·æ±‚å‚æ•°: [{"page":0,"pid":1,"size":0}]
2021-05-25 22:14:39.380 INFO  com.ibegu.dalao.aspect.LogAspect                  :77   [32m                  [0;39m è¯·æ±‚å‚æ•°: [{"page":0,"pid":1,"size":0}]
2021-05-25 22:14:39.385 INFO  com.ibegu.dalao.aspect.LogAspect                  :97   [32m                  [0;39m è¿”å›ç»“æœ: {"content":{"accountStatus":0,"avatar":"fsfasda","college":"è½¯ä»¶å­¦é™¢","email":"2134243@qq.com","gender":"ç”·","grade":"å¤§ä¸€","idNumber":"534645756843523","joinDate":1621526400000,"major":"è½¯ä»¶å·¥ç¨‹","name":"å¤§ä½¬","nickname":"dalao","page":0,"pid":1,"size":0,"studentId":"37129481982741","telNum":"12345678","university":"å››å·å¤§å­¦"},"success":true}
2021-05-25 22:14:39.385 INFO  com.ibegu.dalao.aspect.LogAspect                  :98   [32m                  [0;39m ------------- ç»“æŸ è€—æ—¶ï¼š5 ms -------------
2021-05-25 22:14:39.385 INFO  com.ibegu.dalao.aspect.LogAspect                  :97   [32m                  [0;39m è¿”å›ç»“æœ: {"content":[{"audience":"å…¨å›½","category":"\r\n\r\n    æ•°å­¦ è®¡ç®—æœº&ä¿¡æ¯æŠ€æœ¯\r\n\r\næ•°å­¦ è®¡ç®—æœº&ä¿¡æ¯æŠ€æœ¯","cid":1,"competeEndTime":1622304000000,"competeStartTime":1622044800000,"contestName":"2021å¹´å…¨å›½å¤§å­¦ç”Ÿæ•°æ®ç»Ÿè®¡ä¸åˆ†æç«èµ›","contestStatus":0,"entryFee":150,"pageView":10,"rank":" å…¨å›½æ€§","registrationEndTime":1621526400000,"registrationStartTime":1618156800000,"sponsorId":1,"type":"ç»„é˜Ÿèµ›"},{"audience":"å…¨å›½","category":"Wordã€Excelã€PPTã€Cè¯­è¨€ã€C++ã€Java","cid":2,"competeEndTime":1621612800000,"competeStartTime":1621440000000,"contestName":"2021å¹´å…¨å›½å¤§å­¦ç”ŸæŠ€æœ¯ç«èµ›","contestStatus":1,"entryFee":200,"pageView":30,"rank":"å…¨å›½æ€§","registrationEndTime":1622304000000,"registrationStartTime":1621440000000,"sponsorId":2,"type":"ä¸ªäººèµ›"}],"success":true}
2021-05-25 22:14:39.385 INFO  com.ibegu.dalao.aspect.LogAspect                  :98   [32m                  [0;39m ------------- ç»“æŸ è€—æ—¶ï¼š5 ms -------------
2021-05-25 22:15:05.130 INFO  com.ibegu.dalao.aspect.LogAspect                  :52   [32m                  [0;39m ------------- å¼€å§‹ -------------
2021-05-25 22:15:05.130 INFO  com.ibegu.dalao.aspect.LogAspect                  :52   [32m                  [0;39m ------------- å¼€å§‹ -------------
2021-05-25 22:15:05.130 INFO  com.ibegu.dalao.aspect.LogAspect                  :53   [32m                  [0;39m è¯·æ±‚åœ°å€: http://localhost:8002/contest/contestList GET
2021-05-25 22:15:05.130 INFO  com.ibegu.dalao.aspect.LogAspect                  :53   [32m                  [0;39m è¯·æ±‚åœ°å€: http://localhost:8002/participant/pdetail GET
2021-05-25 22:15:05.130 INFO  com.ibegu.dalao.aspect.LogAspect                  :54   [32m                  [0;39m ç±»åæ–¹æ³•: com.ibegu.dalao.controller.ContestController.getContestList
2021-05-25 22:15:05.130 INFO  com.ibegu.dalao.aspect.LogAspect                  :54   [32m                  [0;39m ç±»åæ–¹æ³•: com.ibegu.dalao.controller.ParticipantController.getDetail
2021-05-25 22:15:05.130 INFO  com.ibegu.dalao.aspect.LogAspect                  :55   [32m                  [0;39m è¿œç¨‹åœ°å€: 0:0:0:0:0:0:0:1
2021-05-25 22:15:05.130 INFO  com.ibegu.dalao.aspect.LogAspect                  :55   [32m                  [0;39m è¿œç¨‹åœ°å€: 0:0:0:0:0:0:0:1
2021-05-25 22:15:05.130 INFO  com.ibegu.dalao.aspect.LogAspect                  :52   [32m                  [0;39m ------------- å¼€å§‹ -------------
2021-05-25 22:15:05.130 INFO  com.ibegu.dalao.aspect.LogAspect                  :77   [32m                  [0;39m è¯·æ±‚å‚æ•°: [{"page":0,"pid":1,"size":0}]
2021-05-25 22:15:05.130 INFO  com.ibegu.dalao.aspect.LogAspect                  :77   [32m                  [0;39m è¯·æ±‚å‚æ•°: [{"page":0,"pid":1,"size":0}]
2021-05-25 22:15:05.130 INFO  com.ibegu.dalao.aspect.LogAspect                  :53   [32m                  [0;39m è¯·æ±‚åœ°å€: http://localhost:8002/demo/list GET
2021-05-25 22:15:05.130 INFO  com.ibegu.dalao.aspect.LogAspect                  :54   [32m                  [0;39m ç±»åæ–¹æ³•: com.ibegu.dalao.controller.DemoController.list
2021-05-25 22:15:05.130 INFO  com.ibegu.dalao.aspect.LogAspect                  :55   [32m                  [0;39m è¿œç¨‹åœ°å€: 0:0:0:0:0:0:0:1
2021-05-25 22:15:05.130 INFO  com.ibegu.dalao.aspect.LogAspect                  :77   [32m                  [0;39m è¯·æ±‚å‚æ•°: [{}]
2021-05-25 22:15:05.135 INFO  com.ibegu.dalao.aspect.LogAspect                  :97   [32m                  [0;39m è¿”å›ç»“æœ: {"content":[{"audience":"å…¨å›½","category":"\r\n\r\n    æ•°å­¦ è®¡ç®—æœº&ä¿¡æ¯æŠ€æœ¯\r\n\r\næ•°å­¦ è®¡ç®—æœº&ä¿¡æ¯æŠ€æœ¯","cid":1,"competeEndTime":1622304000000,"competeStartTime":1622044800000,"contestName":"2021å¹´å…¨å›½å¤§å­¦ç”Ÿæ•°æ®ç»Ÿè®¡ä¸åˆ†æç«èµ›","contestStatus":0,"entryFee":150,"pageView":10,"rank":" å…¨å›½æ€§","registrationEndTime":1621526400000,"registrationStartTime":1618156800000,"sponsorId":1,"type":"ç»„é˜Ÿèµ›"},{"audience":"å…¨å›½","category":"Wordã€Excelã€PPTã€Cè¯­è¨€ã€C++ã€Java","cid":2,"competeEndTime":1621612800000,"competeStartTime":1621440000000,"contestName":"2021å¹´å…¨å›½å¤§å­¦ç”ŸæŠ€æœ¯ç«èµ›","contestStatus":1,"entryFee":200,"pageView":30,"rank":"å…¨å›½æ€§","registrationEndTime":1622304000000,"registrationStartTime":1621440000000,"sponsorId":2,"type":"ä¸ªäººèµ›"}],"success":true}
2021-05-25 22:15:05.135 INFO  com.ibegu.dalao.aspect.LogAspect                  :98   [32m                  [0;39m ------------- ç»“æŸ è€—æ—¶ï¼š5 ms -------------
2021-05-25 22:15:05.135 INFO  com.ibegu.dalao.aspect.LogAspect                  :97   [32m                  [0;39m è¿”å›ç»“æœ: {"content":[],"success":true}
2021-05-25 22:15:05.135 INFO  com.ibegu.dalao.aspect.LogAspect                  :98   [32m                  [0;39m ------------- ç»“æŸ è€—æ—¶ï¼š5 ms -------------
2021-05-25 22:15:05.140 INFO  com.ibegu.dalao.aspect.LogAspect                  :97   [32m                  [0;39m è¿”å›ç»“æœ: {"content":{"accountStatus":0,"avatar":"fsfasda","college":"è½¯ä»¶å­¦é™¢","email":"2134243@qq.com","gender":"ç”·","grade":"å¤§ä¸€","idNumber":"534645756843523","joinDate":1621526400000,"major":"è½¯ä»¶å·¥ç¨‹","name":"å¤§ä½¬","nickname":"dalao","page":0,"pid":1,"size":0,"studentId":"37129481982741","telNum":"12345678","university":"å››å·å¤§å­¦"},"success":true}
2021-05-25 22:15:05.140 INFO  com.ibegu.dalao.aspect.LogAspect                  :98   [32m                  [0;39m ------------- ç»“æŸ è€—æ—¶ï¼š10 ms -------------
2021-05-25 22:15:51.956 INFO  com.ibegu.dalao.aspect.LogAspect                  :52   [32m                  [0;39m ------------- å¼€å§‹ -------------
2021-05-25 22:15:51.956 INFO  com.ibegu.dalao.aspect.LogAspect                  :53   [32m                  [0;39m è¯·æ±‚åœ°å€: http://localhost:8002/participant/pdetail GET
2021-05-25 22:15:51.956 INFO  com.ibegu.dalao.aspect.LogAspect                  :54   [32m                  [0;39m ç±»åæ–¹æ³•: com.ibegu.dalao.controller.ParticipantController.getDetail
2021-05-25 22:15:51.956 INFO  com.ibegu.dalao.aspect.LogAspect                  :55   [32m                  [0;39m è¿œç¨‹åœ°å€: 0:0:0:0:0:0:0:1
2021-05-25 22:15:51.956 INFO  com.ibegu.dalao.aspect.LogAspect                  :77   [32m                  [0;39m è¯·æ±‚å‚æ•°: [{"page":0,"pid":1,"size":0}]
2021-05-25 22:15:51.960 INFO  com.ibegu.dalao.aspect.LogAspect                  :97   [32m                  [0;39m è¿”å›ç»“æœ: {"content":{"accountStatus":0,"avatar":"fsfasda","college":"è½¯ä»¶å­¦é™¢","email":"2134243@qq.com","gender":"ç”·","grade":"å¤§ä¸€","idNumber":"534645756843523","joinDate":1621526400000,"major":"è½¯ä»¶å·¥ç¨‹","name":"å¤§ä½¬","nickname":"dalao","page":0,"pid":1,"size":0,"studentId":"37129481982741","telNum":"12345678","university":"å››å·å¤§å­¦"},"success":true}
2021-05-25 22:15:51.960 INFO  com.ibegu.dalao.aspect.LogAspect                  :98   [32m                  [0;39m ------------- ç»“æŸ è€—æ—¶ï¼š4 ms -------------
2021-05-25 22:15:52.120 INFO  com.ibegu.dalao.aspect.LogAspect                  :52   [32m                  [0;39m ------------- å¼€å§‹ -------------
2021-05-25 22:15:52.120 INFO  com.ibegu.dalao.aspect.LogAspect                  :53   [32m                  [0;39m è¯·æ±‚åœ°å€: http://localhost:8002/contest/contestList GET
2021-05-25 22:15:52.120 INFO  com.ibegu.dalao.aspect.LogAspect                  :54   [32m                  [0;39m ç±»åæ–¹æ³•: com.ibegu.dalao.controller.ContestController.getContestList
2021-05-25 22:15:52.120 INFO  com.ibegu.dalao.aspect.LogAspect                  :55   [32m                  [0;39m è¿œç¨‹åœ°å€: 0:0:0:0:0:0:0:1
2021-05-25 22:15:52.120 INFO  com.ibegu.dalao.aspect.LogAspect                  :77   [32m                  [0;39m è¯·æ±‚å‚æ•°: [{"page":0,"pid":1,"size":0}]
2021-05-25 22:15:52.130 INFO  com.ibegu.dalao.aspect.LogAspect                  :97   [32m                  [0;39m è¿”å›ç»“æœ: {"content":[{"audience":"å…¨å›½","category":"\r\n\r\n    æ•°å­¦ è®¡ç®—æœº&ä¿¡æ¯æŠ€æœ¯\r\n\r\næ•°å­¦ è®¡ç®—æœº&ä¿¡æ¯æŠ€æœ¯","cid":1,"competeEndTime":1622304000000,"competeStartTime":1622044800000,"contestName":"2021å¹´å…¨å›½å¤§å­¦ç”Ÿæ•°æ®ç»Ÿè®¡ä¸åˆ†æç«èµ›","contestStatus":0,"entryFee":150,"pageView":10,"rank":" å…¨å›½æ€§","registrationEndTime":1621526400000,"registrationStartTime":1618156800000,"sponsorId":1,"type":"ç»„é˜Ÿèµ›"},{"audience":"å…¨å›½","category":"Wordã€Excelã€PPTã€Cè¯­è¨€ã€C++ã€Java","cid":2,"competeEndTime":1621612800000,"competeStartTime":1621440000000,"contestName":"2021å¹´å…¨å›½å¤§å­¦ç”ŸæŠ€æœ¯ç«èµ›","contestStatus":1,"entryFee":200,"pageView":30,"rank":"å…¨å›½æ€§","registrationEndTime":1622304000000,"registrationStartTime":1621440000000,"sponsorId":2,"type":"ä¸ªäººèµ›"}],"success":true}
2021-05-25 22:15:52.130 INFO  com.ibegu.dalao.aspect.LogAspect                  :98   [32m                  [0;39m ------------- ç»“æŸ è€—æ—¶ï¼š10 ms -------------
2021-05-25 22:16:09.240 INFO  com.ibegu.dalao.aspect.LogAspect                  :52   [32m                  [0;39m ------------- å¼€å§‹ -------------
2021-05-25 22:16:09.240 INFO  com.ibegu.dalao.aspect.LogAspect                  :52   [32m                  [0;39m ------------- å¼€å§‹ -------------
2021-05-25 22:16:09.240 INFO  com.ibegu.dalao.aspect.LogAspect                  :52   [32m                  [0;39m ------------- å¼€å§‹ -------------
2021-05-25 22:16:09.245 INFO  com.ibegu.dalao.aspect.LogAspect                  :53   [32m                  [0;39m è¯·æ±‚åœ°å€: http://localhost:8002/demo/list GET
2021-05-25 22:16:09.245 INFO  com.ibegu.dalao.aspect.LogAspect                  :53   [32m                  [0;39m è¯·æ±‚åœ°å€: http://localhost:8002/participant/pdetail GET
2021-05-25 22:16:09.245 INFO  com.ibegu.dalao.aspect.LogAspect                  :54   [32m                  [0;39m ç±»åæ–¹æ³•: com.ibegu.dalao.controller.ParticipantController.getDetail
2021-05-25 22:16:09.245 INFO  com.ibegu.dalao.aspect.LogAspect                  :53   [32m                  [0;39m è¯·æ±‚åœ°å€: http://localhost:8002/contest/contestList GET
2021-05-25 22:16:09.245 INFO  com.ibegu.dalao.aspect.LogAspect                  :54   [32m                  [0;39m ç±»åæ–¹æ³•: com.ibegu.dalao.controller.DemoController.list
2021-05-25 22:16:09.245 INFO  com.ibegu.dalao.aspect.LogAspect                  :55   [32m                  [0;39m è¿œç¨‹åœ°å€: 0:0:0:0:0:0:0:1
2021-05-25 22:16:09.245 INFO  com.ibegu.dalao.aspect.LogAspect                  :54   [32m                  [0;39m ç±»åæ–¹æ³•: com.ibegu.dalao.controller.ContestController.getContestList
2021-05-25 22:16:09.245 INFO  com.ibegu.dalao.aspect.LogAspect                  :55   [32m                  [0;39m è¿œç¨‹åœ°å€: 0:0:0:0:0:0:0:1
2021-05-25 22:16:09.245 INFO  com.ibegu.dalao.aspect.LogAspect                  :77   [32m                  [0;39m è¯·æ±‚å‚æ•°: [{"page":0,"pid":1,"size":0}]
2021-05-25 22:16:09.245 INFO  com.ibegu.dalao.aspect.LogAspect                  :77   [32m                  [0;39m è¯·æ±‚å‚æ•°: [{"page":0,"pid":1,"size":0}]
2021-05-25 22:16:09.245 INFO  com.ibegu.dalao.aspect.LogAspect                  :55   [32m                  [0;39m è¿œç¨‹åœ°å€: 0:0:0:0:0:0:0:1
2021-05-25 22:16:09.245 INFO  com.ibegu.dalao.aspect.LogAspect                  :77   [32m                  [0;39m è¯·æ±‚å‚æ•°: [{}]
2021-05-25 22:16:09.250 INFO  com.ibegu.dalao.aspect.LogAspect                  :97   [32m                  [0;39m è¿”å›ç»“æœ: {"content":[],"success":true}
2021-05-25 22:16:09.250 INFO  com.ibegu.dalao.aspect.LogAspect                  :97   [32m                  [0;39m è¿”å›ç»“æœ: {"content":{"accountStatus":0,"avatar":"fsfasda","college":"è½¯ä»¶å­¦é™¢","email":"2134243@qq.com","gender":"ç”·","grade":"å¤§ä¸€","idNumber":"534645756843523","joinDate":1621526400000,"major":"è½¯ä»¶å·¥ç¨‹","name":"å¤§ä½¬","nickname":"dalao","page":0,"pid":1,"size":0,"studentId":"37129481982741","telNum":"12345678","university":"å››å·å¤§å­¦"},"success":true}
2021-05-25 22:16:09.250 INFO  com.ibegu.dalao.aspect.LogAspect                  :98   [32m                  [0;39m ------------- ç»“æŸ è€—æ—¶ï¼š10 ms -------------
2021-05-25 22:16:09.250 INFO  com.ibegu.dalao.aspect.LogAspect                  :98   [32m                  [0;39m ------------- ç»“æŸ è€—æ—¶ï¼š10 ms -------------
2021-05-25 22:16:09.250 INFO  com.ibegu.dalao.aspect.LogAspect                  :97   [32m                  [0;39m è¿”å›ç»“æœ: {"content":[{"audience":"å…¨å›½","category":"\r\n\r\n    æ•°å­¦ è®¡ç®—æœº&ä¿¡æ¯æŠ€æœ¯\r\n\r\næ•°å­¦ è®¡ç®—æœº&ä¿¡æ¯æŠ€æœ¯","cid":1,"competeEndTime":1622304000000,"competeStartTime":1622044800000,"contestName":"2021å¹´å…¨å›½å¤§å­¦ç”Ÿæ•°æ®ç»Ÿè®¡ä¸åˆ†æç«èµ›","contestStatus":0,"entryFee":150,"pageView":10,"rank":" å…¨å›½æ€§","registrationEndTime":1621526400000,"registrationStartTime":1618156800000,"sponsorId":1,"type":"ç»„é˜Ÿèµ›"},{"audience":"å…¨å›½","category":"Wordã€Excelã€PPTã€Cè¯­è¨€ã€C++ã€Java","cid":2,"competeEndTime":1621612800000,"competeStartTime":1621440000000,"contestName":"2021å¹´å…¨å›½å¤§å­¦ç”ŸæŠ€æœ¯ç«èµ›","contestStatus":1,"entryFee":200,"pageView":30,"rank":"å…¨å›½æ€§","registrationEndTime":1622304000000,"registrationStartTime":1621440000000,"sponsorId":2,"type":"ä¸ªäººèµ›"}],"success":true}
2021-05-25 22:16:09.250 INFO  com.ibegu.dalao.aspect.LogAspect                  :98   [32m                  [0;39m ------------- ç»“æŸ è€—æ—¶ï¼š10 ms -------------
2021-05-25 22:17:59.795 INFO  com.ibegu.dalao.aspect.LogAspect                  :52   [32m                  [0;39m ------------- å¼€å§‹ -------------
2021-05-25 22:17:59.795 INFO  com.ibegu.dalao.aspect.LogAspect                  :52   [32m                  [0;39m ------------- å¼€å§‹ -------------
2021-05-25 22:17:59.800 INFO  com.ibegu.dalao.aspect.LogAspect                  :53   [32m                  [0;39m è¯·æ±‚åœ°å€: http://localhost:8002/participant/pdetail GET
2021-05-25 22:17:59.800 INFO  com.ibegu.dalao.aspect.LogAspect                  :53   [32m                  [0;39m è¯·æ±‚åœ°å€: http://localhost:8002/contest/contestList GET
2021-05-25 22:17:59.800 INFO  com.ibegu.dalao.aspect.LogAspect                  :54   [32m                  [0;39m ç±»åæ–¹æ³•: com.ibegu.dalao.controller.ParticipantController.getDetail
2021-05-25 22:17:59.800 INFO  com.ibegu.dalao.aspect.LogAspect                  :54   [32m                  [0;39m ç±»åæ–¹æ³•: com.ibegu.dalao.controller.ContestController.getContestList
2021-05-25 22:17:59.800 INFO  com.ibegu.dalao.aspect.LogAspect                  :55   [32m                  [0;39m è¿œç¨‹åœ°å€: 0:0:0:0:0:0:0:1
2021-05-25 22:17:59.800 INFO  com.ibegu.dalao.aspect.LogAspect                  :55   [32m                  [0;39m è¿œç¨‹åœ°å€: 0:0:0:0:0:0:0:1
2021-05-25 22:17:59.800 INFO  com.ibegu.dalao.aspect.LogAspect                  :77   [32m                  [0;39m è¯·æ±‚å‚æ•°: [{"page":0,"pid":1,"size":0}]
2021-05-25 22:17:59.800 INFO  com.ibegu.dalao.aspect.LogAspect                  :77   [32m                  [0;39m è¯·æ±‚å‚æ•°: [{"page":0,"pid":1,"size":0}]
2021-05-25 22:17:59.800 INFO  com.ibegu.dalao.aspect.LogAspect                  :97   [32m                  [0;39m è¿”å›ç»“æœ: {"content":{"accountStatus":0,"avatar":"fsfasda","college":"è½¯ä»¶å­¦é™¢","email":"2134243@qq.com","gender":"ç”·","grade":"å¤§ä¸€","idNumber":"534645756843523","joinDate":1621526400000,"major":"è½¯ä»¶å·¥ç¨‹","name":"å¤§ä½¬","nickname":"dalao","page":0,"pid":1,"size":0,"studentId":"37129481982741","telNum":"12345678","university":"å››å·å¤§å­¦"},"success":true}
2021-05-25 22:17:59.800 INFO  com.ibegu.dalao.aspect.LogAspect                  :98   [32m                  [0;39m ------------- ç»“æŸ è€—æ—¶ï¼š5 ms -------------
2021-05-25 22:17:59.805 INFO  com.ibegu.dalao.aspect.LogAspect                  :97   [32m                  [0;39m è¿”å›ç»“æœ: {"content":[{"audience":"å…¨å›½","category":"\r\n\r\n    æ•°å­¦ è®¡ç®—æœº&ä¿¡æ¯æŠ€æœ¯\r\n\r\næ•°å­¦ è®¡ç®—æœº&ä¿¡æ¯æŠ€æœ¯","cid":1,"competeEndTime":1622304000000,"competeStartTime":1622044800000,"contestName":"2021å¹´å…¨å›½å¤§å­¦ç”Ÿæ•°æ®ç»Ÿè®¡ä¸åˆ†æç«èµ›","contestStatus":0,"entryFee":150,"pageView":10,"rank":" å…¨å›½æ€§","registrationEndTime":1621526400000,"registrationStartTime":1618156800000,"sponsorId":1,"type":"ç»„é˜Ÿèµ›"},{"audience":"å…¨å›½","category":"Wordã€Excelã€PPTã€Cè¯­è¨€ã€C++ã€Java","cid":2,"competeEndTime":1621612800000,"competeStartTime":1621440000000,"contestName":"2021å¹´å…¨å›½å¤§å­¦ç”ŸæŠ€æœ¯ç«èµ›","contestStatus":1,"entryFee":200,"pageView":30,"rank":"å…¨å›½æ€§","registrationEndTime":1622304000000,"registrationStartTime":1621440000000,"sponsorId":2,"type":"ä¸ªäººèµ›"}],"success":true}
2021-05-25 22:17:59.805 INFO  com.ibegu.dalao.aspect.LogAspect                  :98   [32m                  [0;39m ------------- ç»“æŸ è€—æ—¶ï¼š10 ms -------------
2021-05-25 22:18:48.600 INFO  com.ibegu.dalao.aspect.LogAspect                  :52   [32m                  [0;39m ------------- å¼€å§‹ -------------
2021-05-25 22:18:48.600 INFO  com.ibegu.dalao.aspect.LogAspect                  :52   [32m                  [0;39m ------------- å¼€å§‹ -------------
2021-05-25 22:18:48.600 INFO  com.ibegu.dalao.aspect.LogAspect                  :53   [32m                  [0;39m è¯·æ±‚åœ°å€: http://localhost:8002/contest/contestList GET
2021-05-25 22:18:48.600 INFO  com.ibegu.dalao.aspect.LogAspect                  :53   [32m                  [0;39m è¯·æ±‚åœ°å€: http://localhost:8002/participant/pdetail GET
2021-05-25 22:18:48.600 INFO  com.ibegu.dalao.aspect.LogAspect                  :54   [32m                  [0;39m ç±»åæ–¹æ³•: com.ibegu.dalao.controller.ParticipantController.getDetail
2021-05-25 22:18:48.600 INFO  com.ibegu.dalao.aspect.LogAspect                  :54   [32m                  [0;39m ç±»åæ–¹æ³•: com.ibegu.dalao.controller.ContestController.getContestList
2021-05-25 22:18:48.600 INFO  com.ibegu.dalao.aspect.LogAspect                  :52   [32m                  [0;39m ------------- å¼€å§‹ -------------
2021-05-25 22:18:48.600 INFO  com.ibegu.dalao.aspect.LogAspect                  :55   [32m                  [0;39m è¿œç¨‹åœ°å€: 0:0:0:0:0:0:0:1
2021-05-25 22:18:48.600 INFO  com.ibegu.dalao.aspect.LogAspect                  :55   [32m                  [0;39m è¿œç¨‹åœ°å€: 0:0:0:0:0:0:0:1
2021-05-25 22:18:48.600 INFO  com.ibegu.dalao.aspect.LogAspect                  :53   [32m                  [0;39m è¯·æ±‚åœ°å€: http://localhost:8002/demo/list GET
2021-05-25 22:18:48.600 INFO  com.ibegu.dalao.aspect.LogAspect                  :77   [32m                  [0;39m è¯·æ±‚å‚æ•°: [{"page":0,"pid":1,"size":0}]
2021-05-25 22:18:48.600 INFO  com.ibegu.dalao.aspect.LogAspect                  :77   [32m                  [0;39m è¯·æ±‚å‚æ•°: [{"page":0,"pid":1,"size":0}]
2021-05-25 22:18:48.600 INFO  com.ibegu.dalao.aspect.LogAspect                  :54   [32m                  [0;39m ç±»åæ–¹æ³•: com.ibegu.dalao.controller.DemoController.list
2021-05-25 22:18:48.600 INFO  com.ibegu.dalao.aspect.LogAspect                  :55   [32m                  [0;39m è¿œç¨‹åœ°å€: 0:0:0:0:0:0:0:1
2021-05-25 22:18:48.600 INFO  com.ibegu.dalao.aspect.LogAspect                  :77   [32m                  [0;39m è¯·æ±‚å‚æ•°: [{}]
2021-05-25 22:18:48.610 INFO  com.ibegu.dalao.aspect.LogAspect                  :97   [32m                  [0;39m è¿”å›ç»“æœ: {"content":[],"success":true}
2021-05-25 22:18:48.610 INFO  com.ibegu.dalao.aspect.LogAspect                  :98   [32m                  [0;39m ------------- ç»“æŸ è€—æ—¶ï¼š10 ms -------------
2021-05-25 22:18:48.660 INFO  com.ibegu.dalao.aspect.LogAspect                  :97   [32m                  [0;39m è¿”å›ç»“æœ: {"content":{"accountStatus":0,"avatar":"fsfasda","college":"è½¯ä»¶å­¦é™¢","email":"2134243@qq.com","gender":"ç”·","grade":"å¤§ä¸€","idNumber":"534645756843523","joinDate":1621526400000,"major":"è½¯ä»¶å·¥ç¨‹","name":"å¤§ä½¬","nickname":"dalao","page":0,"pid":1,"size":0,"studentId":"37129481982741","telNum":"12345678","university":"å››å·å¤§å­¦"},"success":true}
2021-05-25 22:18:48.660 INFO  com.ibegu.dalao.aspect.LogAspect                  :97   [32m                  [0;39m è¿”å›ç»“æœ: {"content":[{"audience":"å…¨å›½","category":"\r\n\r\n    æ•°å­¦ è®¡ç®—æœº&ä¿¡æ¯æŠ€æœ¯\r\n\r\næ•°å­¦ è®¡ç®—æœº&ä¿¡æ¯æŠ€æœ¯","cid":1,"competeEndTime":1622304000000,"competeStartTime":1622044800000,"contestName":"2021å¹´å…¨å›½å¤§å­¦ç”Ÿæ•°æ®ç»Ÿè®¡ä¸åˆ†æç«èµ›","contestStatus":0,"entryFee":150,"pageView":10,"rank":" å…¨å›½æ€§","registrationEndTime":1621526400000,"registrationStartTime":1618156800000,"sponsorId":1,"type":"ç»„é˜Ÿèµ›"},{"audience":"å…¨å›½","category":"Wordã€Excelã€PPTã€Cè¯­è¨€ã€C++ã€Java","cid":2,"competeEndTime":1621612800000,"competeStartTime":1621440000000,"contestName":"2021å¹´å…¨å›½å¤§å­¦ç”ŸæŠ€æœ¯ç«èµ›","contestStatus":1,"entryFee":200,"pageView":30,"rank":"å…¨å›½æ€§","registrationEndTime":1622304000000,"registrationStartTime":1621440000000,"sponsorId":2,"type":"ä¸ªäººèµ›"}],"success":true}
2021-05-25 22:18:48.660 INFO  com.ibegu.dalao.aspect.LogAspect                  :98   [32m                  [0;39m ------------- ç»“æŸ è€—æ—¶ï¼š60 ms -------------
2021-05-25 22:18:48.660 INFO  com.ibegu.dalao.aspect.LogAspect                  :98   [32m                  [0;39m ------------- ç»“æŸ è€—æ—¶ï¼š60 ms -------------
2021-05-25 22:19:50.320 INFO  com.ibegu.dalao.aspect.LogAspect                  :52   [32m                  [0;39m ------------- å¼€å§‹ -------------
2021-05-25 22:19:50.320 INFO  com.ibegu.dalao.aspect.LogAspect                  :53   [32m                  [0;39m è¯·æ±‚åœ°å€: http://localhost:8002/participant/pdetail GET
2021-05-25 22:19:50.320 INFO  com.ibegu.dalao.aspect.LogAspect                  :54   [32m                  [0;39m ç±»åæ–¹æ³•: com.ibegu.dalao.controller.ParticipantController.getDetail
2021-05-25 22:19:50.325 INFO  com.ibegu.dalao.aspect.LogAspect                  :52   [32m                  [0;39m ------------- å¼€å§‹ -------------
2021-05-25 22:19:50.325 INFO  com.ibegu.dalao.aspect.LogAspect                  :55   [32m                  [0;39m è¿œç¨‹åœ°å€: 0:0:0:0:0:0:0:1
2021-05-25 22:19:50.325 INFO  com.ibegu.dalao.aspect.LogAspect                  :53   [32m                  [0;39m è¯·æ±‚åœ°å€: http://localhost:8002/contest/contestList GET
2021-05-25 22:19:50.325 INFO  com.ibegu.dalao.aspect.LogAspect                  :77   [32m                  [0;39m è¯·æ±‚å‚æ•°: [{"page":0,"pid":1,"size":0}]
2021-05-25 22:19:50.325 INFO  com.ibegu.dalao.aspect.LogAspect                  :54   [32m                  [0;39m ç±»åæ–¹æ³•: com.ibegu.dalao.controller.ContestController.getContestList
2021-05-25 22:19:50.327 INFO  com.ibegu.dalao.aspect.LogAspect                  :55   [32m                  [0;39m è¿œç¨‹åœ°å€: 0:0:0:0:0:0:0:1
2021-05-25 22:19:50.327 INFO  com.ibegu.dalao.aspect.LogAspect                  :77   [32m                  [0;39m è¯·æ±‚å‚æ•°: [{"page":0,"pid":1,"size":0}]
2021-05-25 22:19:50.329 INFO  com.ibegu.dalao.aspect.LogAspect                  :97   [32m                  [0;39m è¿”å›ç»“æœ: {"content":{"accountStatus":0,"avatar":"fsfasda","college":"è½¯ä»¶å­¦é™¢","email":"2134243@qq.com","gender":"ç”·","grade":"å¤§ä¸€","idNumber":"534645756843523","joinDate":1621526400000,"major":"è½¯ä»¶å·¥ç¨‹","name":"å¤§ä½¬","nickname":"dalao","page":0,"pid":1,"size":0,"studentId":"37129481982741","telNum":"12345678","university":"å››å·å¤§å­¦"},"success":true}
2021-05-25 22:19:50.330 INFO  com.ibegu.dalao.aspect.LogAspect                  :98   [32m                  [0;39m ------------- ç»“æŸ è€—æ—¶ï¼š10 ms -------------
2021-05-25 22:19:50.347 INFO  com.ibegu.dalao.aspect.LogAspect                  :97   [32m                  [0;39m è¿”å›ç»“æœ: {"content":[{"audience":"å…¨å›½","category":"\r\n\r\n    æ•°å­¦ è®¡ç®—æœº&ä¿¡æ¯æŠ€æœ¯\r\n\r\næ•°å­¦ è®¡ç®—æœº&ä¿¡æ¯æŠ€æœ¯","cid":1,"competeEndTime":1622304000000,"competeStartTime":1622044800000,"contestName":"2021å¹´å…¨å›½å¤§å­¦ç”Ÿæ•°æ®ç»Ÿè®¡ä¸åˆ†æç«èµ›","contestStatus":0,"entryFee":150,"pageView":10,"rank":" å…¨å›½æ€§","registrationEndTime":1621526400000,"registrationStartTime":1618156800000,"sponsorId":1,"type":"ç»„é˜Ÿèµ›"},{"audience":"å…¨å›½","category":"Wordã€Excelã€PPTã€Cè¯­è¨€ã€C++ã€Java","cid":2,"competeEndTime":1621612800000,"competeStartTime":1621440000000,"contestName":"2021å¹´å…¨å›½å¤§å­¦ç”ŸæŠ€æœ¯ç«èµ›","contestStatus":1,"entryFee":200,"pageView":30,"rank":"å…¨å›½æ€§","registrationEndTime":1622304000000,"registrationStartTime":1621440000000,"sponsorId":2,"type":"ä¸ªäººèµ›"}],"success":true}
2021-05-25 22:19:50.347 INFO  com.ibegu.dalao.aspect.LogAspect                  :98   [32m                  [0;39m ------------- ç»“æŸ è€—æ—¶ï¼š22 ms -------------
2021-05-25 22:20:02.760 INFO  com.ibegu.dalao.aspect.LogAspect                  :52   [32m                  [0;39m ------------- å¼€å§‹ -------------
2021-05-25 22:20:02.760 INFO  com.ibegu.dalao.aspect.LogAspect                  :52   [32m                  [0;39m ------------- å¼€å§‹ -------------
2021-05-25 22:20:02.760 INFO  com.ibegu.dalao.aspect.LogAspect                  :53   [32m                  [0;39m è¯·æ±‚åœ°å€: http://localhost:8002/contest/contestList GET
2021-05-25 22:20:02.760 INFO  com.ibegu.dalao.aspect.LogAspect                  :53   [32m                  [0;39m è¯·æ±‚åœ°å€: http://localhost:8002/participant/pdetail GET
2021-05-25 22:20:02.760 INFO  com.ibegu.dalao.aspect.LogAspect                  :52   [32m                  [0;39m ------------- å¼€å§‹ -------------
2021-05-25 22:20:02.760 INFO  com.ibegu.dalao.aspect.LogAspect                  :54   [32m                  [0;39m ç±»åæ–¹æ³•: com.ibegu.dalao.controller.ContestController.getContestList
2021-05-25 22:20:02.760 INFO  com.ibegu.dalao.aspect.LogAspect                  :54   [32m                  [0;39m ç±»åæ–¹æ³•: com.ibegu.dalao.controller.ParticipantController.getDetail
2021-05-25 22:20:02.760 INFO  com.ibegu.dalao.aspect.LogAspect                  :55   [32m                  [0;39m è¿œç¨‹åœ°å€: 0:0:0:0:0:0:0:1
2021-05-25 22:20:02.760 INFO  com.ibegu.dalao.aspect.LogAspect                  :53   [32m                  [0;39m è¯·æ±‚åœ°å€: http://localhost:8002/demo/list GET
2021-05-25 22:20:02.760 INFO  com.ibegu.dalao.aspect.LogAspect                  :55   [32m                  [0;39m è¿œç¨‹åœ°å€: 0:0:0:0:0:0:0:1
2021-05-25 22:20:02.760 INFO  com.ibegu.dalao.aspect.LogAspect                  :77   [32m                  [0;39m è¯·æ±‚å‚æ•°: [{"page":0,"pid":1,"size":0}]
2021-05-25 22:20:02.760 INFO  com.ibegu.dalao.aspect.LogAspect                  :54   [32m                  [0;39m ç±»åæ–¹æ³•: com.ibegu.dalao.controller.DemoController.list
2021-05-25 22:20:02.760 INFO  com.ibegu.dalao.aspect.LogAspect                  :77   [32m                  [0;39m è¯·æ±‚å‚æ•°: [{"page":0,"pid":1,"size":0}]
2021-05-25 22:20:02.760 INFO  com.ibegu.dalao.aspect.LogAspect                  :55   [32m                  [0;39m è¿œç¨‹åœ°å€: 0:0:0:0:0:0:0:1
2021-05-25 22:20:02.765 INFO  com.ibegu.dalao.aspect.LogAspect                  :77   [32m                  [0;39m è¯·æ±‚å‚æ•°: [{}]
2021-05-25 22:20:02.765 INFO  com.ibegu.dalao.aspect.LogAspect                  :97   [32m                  [0;39m è¿”å›ç»“æœ: {"content":[],"success":true}
2021-05-25 22:20:02.765 INFO  com.ibegu.dalao.aspect.LogAspect                  :97   [32m                  [0;39m è¿”å›ç»“æœ: {"content":{"accountStatus":0,"avatar":"fsfasda","college":"è½¯ä»¶å­¦é™¢","email":"2134243@qq.com","gender":"ç”·","grade":"å¤§ä¸€","idNumber":"534645756843523","joinDate":1621526400000,"major":"è½¯ä»¶å·¥ç¨‹","name":"å¤§ä½¬","nickname":"dalao","page":0,"pid":1,"size":0,"studentId":"37129481982741","telNum":"12345678","university":"å››å·å¤§å­¦"},"success":true}
2021-05-25 22:20:02.765 INFO  com.ibegu.dalao.aspect.LogAspect                  :98   [32m                  [0;39m ------------- ç»“æŸ è€—æ—¶ï¼š5 ms -------------
2021-05-25 22:20:02.765 INFO  com.ibegu.dalao.aspect.LogAspect                  :98   [32m                  [0;39m ------------- ç»“æŸ è€—æ—¶ï¼š5 ms -------------
2021-05-25 22:20:02.765 INFO  com.ibegu.dalao.aspect.LogAspect                  :97   [32m                  [0;39m è¿”å›ç»“æœ: {"content":[{"audience":"å…¨å›½","category":"\r\n\r\n    æ•°å­¦ è®¡ç®—æœº&ä¿¡æ¯æŠ€æœ¯\r\n\r\næ•°å­¦ è®¡ç®—æœº&ä¿¡æ¯æŠ€æœ¯","cid":1,"competeEndTime":1622304000000,"competeStartTime":1622044800000,"contestName":"2021å¹´å…¨å›½å¤§å­¦ç”Ÿæ•°æ®ç»Ÿè®¡ä¸åˆ†æç«èµ›","contestStatus":0,"entryFee":150,"pageView":10,"rank":" å…¨å›½æ€§","registrationEndTime":1621526400000,"registrationStartTime":1618156800000,"sponsorId":1,"type":"ç»„é˜Ÿèµ›"},{"audience":"å…¨å›½","category":"Wordã€Excelã€PPTã€Cè¯­è¨€ã€C++ã€Java","cid":2,"competeEndTime":1621612800000,"competeStartTime":1621440000000,"contestName":"2021å¹´å…¨å›½å¤§å­¦ç”ŸæŠ€æœ¯ç«èµ›","contestStatus":1,"entryFee":200,"pageView":30,"rank":"å…¨å›½æ€§","registrationEndTime":1622304000000,"registrationStartTime":1621440000000,"sponsorId":2,"type":"ä¸ªäººèµ›"}],"success":true}
2021-05-25 22:20:02.765 INFO  com.ibegu.dalao.aspect.LogAspect                  :98   [32m                  [0;39m ------------- ç»“æŸ è€—æ—¶ï¼š5 ms -------------
2021-05-25 22:21:14.350 INFO  com.ibegu.dalao.aspect.LogAspect                  :52   [32m                  [0;39m ------------- å¼€å§‹ -------------
2021-05-25 22:21:14.350 INFO  com.ibegu.dalao.aspect.LogAspect                  :53   [32m                  [0;39m è¯·æ±‚åœ°å€: http://localhost:8002/participant/pdetail GET
2021-05-25 22:21:14.350 INFO  com.ibegu.dalao.aspect.LogAspect                  :54   [32m                  [0;39m ç±»åæ–¹æ³•: com.ibegu.dalao.controller.ParticipantController.getDetail
2021-05-25 22:21:14.350 INFO  com.ibegu.dalao.aspect.LogAspect                  :55   [32m                  [0;39m è¿œç¨‹åœ°å€: 0:0:0:0:0:0:0:1
2021-05-25 22:21:14.350 INFO  com.ibegu.dalao.aspect.LogAspect                  :77   [32m                  [0;39m è¯·æ±‚å‚æ•°: [{"page":0,"pid":1,"size":0}]
2021-05-25 22:21:14.355 INFO  com.ibegu.dalao.aspect.LogAspect                  :97   [32m                  [0;39m è¿”å›ç»“æœ: {"content":{"accountStatus":0,"avatar":"fsfasda","college":"è½¯ä»¶å­¦é™¢","email":"2134243@qq.com","gender":"ç”·","grade":"å¤§ä¸€","idNumber":"534645756843523","joinDate":1621526400000,"major":"è½¯ä»¶å·¥ç¨‹","name":"å¤§ä½¬","nickname":"dalao","page":0,"pid":1,"size":0,"studentId":"37129481982741","telNum":"12345678","university":"å››å·å¤§å­¦"},"success":true}
2021-05-25 22:21:14.355 INFO  com.ibegu.dalao.aspect.LogAspect                  :98   [32m                  [0;39m ------------- ç»“æŸ è€—æ—¶ï¼š5 ms -------------
2021-05-25 22:21:14.355 INFO  com.ibegu.dalao.aspect.LogAspect                  :52   [32m                  [0;39m ------------- å¼€å§‹ -------------
2021-05-25 22:21:14.355 INFO  com.ibegu.dalao.aspect.LogAspect                  :53   [32m                  [0;39m è¯·æ±‚åœ°å€: http://localhost:8002/contest/contestList GET
2021-05-25 22:21:14.355 INFO  com.ibegu.dalao.aspect.LogAspect                  :54   [32m                  [0;39m ç±»åæ–¹æ³•: com.ibegu.dalao.controller.ContestController.getContestList
2021-05-25 22:21:14.355 INFO  com.ibegu.dalao.aspect.LogAspect                  :55   [32m                  [0;39m è¿œç¨‹åœ°å€: 0:0:0:0:0:0:0:1
2021-05-25 22:21:14.360 INFO  com.ibegu.dalao.aspect.LogAspect                  :77   [32m                  [0;39m è¯·æ±‚å‚æ•°: [{"page":0,"pid":1,"size":0}]
2021-05-25 22:21:14.440 INFO  com.ibegu.dalao.aspect.LogAspect                  :97   [32m                  [0;39m è¿”å›ç»“æœ: {"content":[{"audience":"å…¨å›½","category":"\r\n\r\n    æ•°å­¦ è®¡ç®—æœº&ä¿¡æ¯æŠ€æœ¯\r\n\r\næ•°å­¦ è®¡ç®—æœº&ä¿¡æ¯æŠ€æœ¯","cid":1,"competeEndTime":1622304000000,"competeStartTime":1622044800000,"contestName":"2021å¹´å…¨å›½å¤§å­¦ç”Ÿæ•°æ®ç»Ÿè®¡ä¸åˆ†æç«èµ›","contestStatus":0,"entryFee":150,"pageView":10,"rank":" å…¨å›½æ€§","registrationEndTime":1621526400000,"registrationStartTime":1618156800000,"sponsorId":1,"type":"ç»„é˜Ÿèµ›"},{"audience":"å…¨å›½","category":"Wordã€Excelã€PPTã€Cè¯­è¨€ã€C++ã€Java","cid":2,"competeEndTime":1621612800000,"competeStartTime":1621440000000,"contestName":"2021å¹´å…¨å›½å¤§å­¦ç”ŸæŠ€æœ¯ç«èµ›","contestStatus":1,"entryFee":200,"pageView":30,"rank":"å…¨å›½æ€§","registrationEndTime":1622304000000,"registrationStartTime":1621440000000,"sponsorId":2,"type":"ä¸ªäººèµ›"}],"success":true}
2021-05-25 22:21:14.440 INFO  com.ibegu.dalao.aspect.LogAspect                  :98   [32m                  [0;39m ------------- ç»“æŸ è€—æ—¶ï¼š85 ms -------------
2021-05-25 22:21:43.050 INFO  com.ibegu.dalao.aspect.LogAspect                  :52   [32m                  [0;39m ------------- å¼€å§‹ -------------
2021-05-25 22:21:43.050 INFO  com.ibegu.dalao.aspect.LogAspect                  :52   [32m                  [0;39m ------------- å¼€å§‹ -------------
2021-05-25 22:21:43.050 INFO  com.ibegu.dalao.aspect.LogAspect                  :53   [32m                  [0;39m è¯·æ±‚åœ°å€: http://localhost:8002/participant/pdetail GET
2021-05-25 22:21:43.050 INFO  com.ibegu.dalao.aspect.LogAspect                  :53   [32m                  [0;39m è¯·æ±‚åœ°å€: http://localhost:8002/contest/contestList GET
2021-05-25 22:21:43.050 INFO  com.ibegu.dalao.aspect.LogAspect                  :52   [32m                  [0;39m ------------- å¼€å§‹ -------------
2021-05-25 22:21:43.050 INFO  com.ibegu.dalao.aspect.LogAspect                  :54   [32m                  [0;39m ç±»åæ–¹æ³•: com.ibegu.dalao.controller.ParticipantController.getDetail
2021-05-25 22:21:43.050 INFO  com.ibegu.dalao.aspect.LogAspect                  :54   [32m                  [0;39m ç±»åæ–¹æ³•: com.ibegu.dalao.controller.ContestController.getContestList
2021-05-25 22:21:43.050 INFO  com.ibegu.dalao.aspect.LogAspect                  :53   [32m                  [0;39m è¯·æ±‚åœ°å€: http://localhost:8002/demo/list GET
2021-05-25 22:21:43.050 INFO  com.ibegu.dalao.aspect.LogAspect                  :55   [32m                  [0;39m è¿œç¨‹åœ°å€: 0:0:0:0:0:0:0:1
2021-05-25 22:21:43.050 INFO  com.ibegu.dalao.aspect.LogAspect                  :55   [32m                  [0;39m è¿œç¨‹åœ°å€: 0:0:0:0:0:0:0:1
2021-05-25 22:21:43.050 INFO  com.ibegu.dalao.aspect.LogAspect                  :54   [32m                  [0;39m ç±»åæ–¹æ³•: com.ibegu.dalao.controller.DemoController.list
2021-05-25 22:21:43.050 INFO  com.ibegu.dalao.aspect.LogAspect                  :77   [32m                  [0;39m è¯·æ±‚å‚æ•°: [{"page":0,"pid":1,"size":0}]
2021-05-25 22:21:43.050 INFO  com.ibegu.dalao.aspect.LogAspect                  :77   [32m                  [0;39m è¯·æ±‚å‚æ•°: [{"page":0,"pid":1,"size":0}]
2021-05-25 22:21:43.055 INFO  com.ibegu.dalao.aspect.LogAspect                  :55   [32m                  [0;39m è¿œç¨‹åœ°å€: 0:0:0:0:0:0:0:1
2021-05-25 22:21:43.055 INFO  com.ibegu.dalao.aspect.LogAspect                  :77   [32m                  [0;39m è¯·æ±‚å‚æ•°: [{}]
2021-05-25 22:21:43.060 INFO  com.ibegu.dalao.aspect.LogAspect                  :97   [32m                  [0;39m è¿”å›ç»“æœ: {"content":{"accountStatus":0,"avatar":"fsfasda","college":"è½¯ä»¶å­¦é™¢","email":"2134243@qq.com","gender":"ç”·","grade":"å¤§ä¸€","idNumber":"534645756843523","joinDate":1621526400000,"major":"è½¯ä»¶å·¥ç¨‹","name":"å¤§ä½¬","nickname":"dalao","page":0,"pid":1,"size":0,"studentId":"37129481982741","telNum":"12345678","university":"å››å·å¤§å­¦"},"success":true}
2021-05-25 22:21:43.060 INFO  com.ibegu.dalao.aspect.LogAspect                  :97   [32m                  [0;39m è¿”å›ç»“æœ: {"content":[{"audience":"å…¨å›½","category":"\r\n\r\n    æ•°å­¦ è®¡ç®—æœº&ä¿¡æ¯æŠ€æœ¯\r\n\r\næ•°å­¦ è®¡ç®—æœº&ä¿¡æ¯æŠ€æœ¯","cid":1,"competeEndTime":1622304000000,"competeStartTime":1622044800000,"contestName":"2021å¹´å…¨å›½å¤§å­¦ç”Ÿæ•°æ®ç»Ÿè®¡ä¸åˆ†æç«èµ›","contestStatus":0,"entryFee":150,"pageView":10,"rank":" å…¨å›½æ€§","registrationEndTime":1621526400000,"registrationStartTime":1618156800000,"sponsorId":1,"type":"ç»„é˜Ÿèµ›"},{"audience":"å…¨å›½","category":"Wordã€Excelã€PPTã€Cè¯­è¨€ã€C++ã€Java","cid":2,"competeEndTime":1621612800000,"competeStartTime":1621440000000,"contestName":"2021å¹´å…¨å›½å¤§å­¦ç”ŸæŠ€æœ¯ç«èµ›","contestStatus":1,"entryFee":200,"pageView":30,"rank":"å…¨å›½æ€§","registrationEndTime":1622304000000,"registrationStartTime":1621440000000,"sponsorId":2,"type":"ä¸ªäººèµ›"}],"success":true}
2021-05-25 22:21:43.060 INFO  com.ibegu.dalao.aspect.LogAspect                  :98   [32m                  [0;39m ------------- ç»“æŸ è€—æ—¶ï¼š10 ms -------------
2021-05-25 22:21:43.060 INFO  com.ibegu.dalao.aspect.LogAspect                  :98   [32m                  [0;39m ------------- ç»“æŸ è€—æ—¶ï¼š10 ms -------------
2021-05-25 22:21:43.060 INFO  com.ibegu.dalao.aspect.LogAspect                  :97   [32m                  [0;39m è¿”å›ç»“æœ: {"content":[],"success":true}
2021-05-25 22:21:43.060 INFO  com.ibegu.dalao.aspect.LogAspect                  :98   [32m                  [0;39m ------------- ç»“æŸ è€—æ—¶ï¼š10 ms -------------
2021-05-25 22:25:43.410 INFO  com.ibegu.dalao.aspect.LogAspect                  :52   [32m                  [0;39m ------------- å¼€å§‹ -------------
2021-05-25 22:25:43.410 INFO  com.ibegu.dalao.aspect.LogAspect                  :52   [32m                  [0;39m ------------- å¼€å§‹ -------------
2021-05-25 22:25:43.410 INFO  com.ibegu.dalao.aspect.LogAspect                  :53   [32m                  [0;39m è¯·æ±‚åœ°å€: http://localhost:8002/demo/list GET
2021-05-25 22:25:43.410 INFO  com.ibegu.dalao.aspect.LogAspect                  :53   [32m                  [0;39m è¯·æ±‚åœ°å€: http://localhost:8002/demo/list GET
2021-05-25 22:25:43.410 INFO  com.ibegu.dalao.aspect.LogAspect                  :54   [32m                  [0;39m ç±»åæ–¹æ³•: com.ibegu.dalao.controller.DemoController.list
2021-05-25 22:25:43.410 INFO  com.ibegu.dalao.aspect.LogAspect                  :54   [32m                  [0;39m ç±»åæ–¹æ³•: com.ibegu.dalao.controller.DemoController.list
2021-05-25 22:25:43.410 INFO  com.ibegu.dalao.aspect.LogAspect                  :55   [32m                  [0;39m è¿œç¨‹åœ°å€: 0:0:0:0:0:0:0:1
2021-05-25 22:25:43.410 INFO  com.ibegu.dalao.aspect.LogAspect                  :55   [32m                  [0;39m è¿œç¨‹åœ°å€: 0:0:0:0:0:0:0:1
2021-05-25 22:25:43.410 INFO  com.ibegu.dalao.aspect.LogAspect                  :77   [32m                  [0;39m è¯·æ±‚å‚æ•°: [{}]
2021-05-25 22:25:43.410 INFO  com.ibegu.dalao.aspect.LogAspect                  :77   [32m                  [0;39m è¯·æ±‚å‚æ•°: [{}]
2021-05-25 22:25:43.420 INFO  com.ibegu.dalao.aspect.LogAspect                  :97   [32m                  [0;39m è¿”å›ç»“æœ: {"content":[],"success":true}
2021-05-25 22:25:43.420 INFO  com.ibegu.dalao.aspect.LogAspect                  :97   [32m                  [0;39m è¿”å›ç»“æœ: {"content":[],"success":true}
2021-05-25 22:25:43.420 INFO  com.ibegu.dalao.aspect.LogAspect                  :98   [32m                  [0;39m ------------- ç»“æŸ è€—æ—¶ï¼š10 ms -------------
2021-05-25 22:25:43.420 INFO  com.ibegu.dalao.aspect.LogAspect                  :98   [32m                  [0;39m ------------- ç»“æŸ è€—æ—¶ï¼š10 ms -------------
2021-05-25 22:31:45.231 INFO  com.ibegu.dalao.aspect.LogAspect                  :52   [32m                  [0;39m ------------- å¼€å§‹ -------------
2021-05-25 22:31:45.231 INFO  com.ibegu.dalao.aspect.LogAspect                  :52   [32m                  [0;39m ------------- å¼€å§‹ -------------
2021-05-25 22:31:45.231 INFO  com.ibegu.dalao.aspect.LogAspect                  :53   [32m                  [0;39m è¯·æ±‚åœ°å€: http://localhost:8002/participant/pdetail GET
2021-05-25 22:31:45.231 INFO  com.ibegu.dalao.aspect.LogAspect                  :53   [32m                  [0;39m è¯·æ±‚åœ°å€: http://localhost:8002/contest/contestList GET
2021-05-25 22:31:45.231 INFO  com.ibegu.dalao.aspect.LogAspect                  :52   [32m                  [0;39m ------------- å¼€å§‹ -------------
2021-05-25 22:31:45.231 INFO  com.ibegu.dalao.aspect.LogAspect                  :54   [32m                  [0;39m ç±»åæ–¹æ³•: com.ibegu.dalao.controller.ParticipantController.getDetail
2021-05-25 22:31:45.231 INFO  com.ibegu.dalao.aspect.LogAspect                  :54   [32m                  [0;39m ç±»åæ–¹æ³•: com.ibegu.dalao.controller.ContestController.getContestList
2021-05-25 22:31:45.231 INFO  com.ibegu.dalao.aspect.LogAspect                  :53   [32m                  [0;39m è¯·æ±‚åœ°å€: http://localhost:8002/demo/list GET
2021-05-25 22:31:45.231 INFO  com.ibegu.dalao.aspect.LogAspect                  :55   [32m                  [0;39m è¿œç¨‹åœ°å€: 0:0:0:0:0:0:0:1
2021-05-25 22:31:45.231 INFO  com.ibegu.dalao.aspect.LogAspect                  :55   [32m                  [0;39m è¿œç¨‹åœ°å€: 0:0:0:0:0:0:0:1
2021-05-25 22:31:45.231 INFO  com.ibegu.dalao.aspect.LogAspect                  :54   [32m                  [0;39m ç±»åæ–¹æ³•: com.ibegu.dalao.controller.DemoController.list
2021-05-25 22:31:45.231 INFO  com.ibegu.dalao.aspect.LogAspect                  :77   [32m                  [0;39m è¯·æ±‚å‚æ•°: [{"page":0,"pid":1,"size":0}]
2021-05-25 22:31:45.231 INFO  com.ibegu.dalao.aspect.LogAspect                  :77   [32m                  [0;39m è¯·æ±‚å‚æ•°: [{"page":0,"pid":1,"size":0}]
2021-05-25 22:31:45.231 INFO  com.ibegu.dalao.aspect.LogAspect                  :55   [32m                  [0;39m è¿œç¨‹åœ°å€: 0:0:0:0:0:0:0:1
2021-05-25 22:31:45.231 INFO  com.ibegu.dalao.aspect.LogAspect                  :77   [32m                  [0;39m è¯·æ±‚å‚æ•°: [{}]
2021-05-25 22:31:45.231 INFO  com.ibegu.dalao.aspect.LogAspect                  :97   [32m                  [0;39m è¿”å›ç»“æœ: {"content":[],"success":true}
2021-05-25 22:31:45.231 INFO  com.ibegu.dalao.aspect.LogAspect                  :98   [32m                  [0;39m ------------- ç»“æŸ è€—æ—¶ï¼š0 ms -------------
2021-05-25 22:31:45.231 INFO  com.ibegu.dalao.aspect.LogAspect                  :97   [32m                  [0;39m è¿”å›ç»“æœ: {"content":{"accountStatus":0,"avatar":"fsfasda","college":"è½¯ä»¶å­¦é™¢","email":"2134243@qq.com","gender":"ç”·","grade":"å¤§ä¸€","idNumber":"534645756843523","joinDate":1621526400000,"major":"è½¯ä»¶å·¥ç¨‹","name":"å¤§ä½¬","nickname":"dalao","page":0,"pid":1,"size":0,"studentId":"37129481982741","telNum":"12345678","university":"å››å·å¤§å­¦"},"success":true}
2021-05-25 22:31:45.231 INFO  com.ibegu.dalao.aspect.LogAspect                  :98   [32m                  [0;39m ------------- ç»“æŸ è€—æ—¶ï¼š0 ms -------------
2021-05-25 22:31:45.231 INFO  com.ibegu.dalao.aspect.LogAspect                  :97   [32m                  [0;39m è¿”å›ç»“æœ: {"content":[{"audience":"å…¨å›½","category":"\r\n\r\n    æ•°å­¦ è®¡ç®—æœº&ä¿¡æ¯æŠ€æœ¯\r\n\r\næ•°å­¦ è®¡ç®—æœº&ä¿¡æ¯æŠ€æœ¯","cid":1,"competeEndTime":1622304000000,"competeStartTime":1622044800000,"contestName":"2021å¹´å…¨å›½å¤§å­¦ç”Ÿæ•°æ®ç»Ÿè®¡ä¸åˆ†æç«èµ›","contestStatus":0,"entryFee":150,"pageView":10,"rank":" å…¨å›½æ€§","registrationEndTime":1621526400000,"registrationStartTime":1618156800000,"sponsorId":1,"type":"ç»„é˜Ÿèµ›"},{"audience":"å…¨å›½","category":"Wordã€Excelã€PPTã€Cè¯­è¨€ã€C++ã€Java","cid":2,"competeEndTime":1621612800000,"competeStartTime":1621440000000,"contestName":"2021å¹´å…¨å›½å¤§å­¦ç”ŸæŠ€æœ¯ç«èµ›","contestStatus":1,"entryFee":200,"pageView":30,"rank":"å…¨å›½æ€§","registrationEndTime":1622304000000,"registrationStartTime":1621440000000,"sponsorId":2,"type":"ä¸ªäººèµ›"}],"success":true}
2021-05-25 22:31:45.240 INFO  com.ibegu.dalao.aspect.LogAspect                  :98   [32m                  [0;39m ------------- ç»“æŸ è€—æ—¶ï¼š9 ms -------------
2021-05-25 23:11:39.002 INFO  com.ibegu.dalao.aspect.LogAspect                  :52   [32m                  [0;39m ------------- å¼€å§‹ -------------
2021-05-25 23:11:39.002 INFO  com.ibegu.dalao.aspect.LogAspect                  :52   [32m                  [0;39m ------------- å¼€å§‹ -------------
2021-05-25 23:11:39.002 INFO  com.ibegu.dalao.aspect.LogAspect                  :53   [32m                  [0;39m è¯·æ±‚åœ°å€: http://localhost:8002/participant/pdetail GET
2021-05-25 23:11:39.002 INFO  com.ibegu.dalao.aspect.LogAspect                  :53   [32m                  [0;39m è¯·æ±‚åœ°å€: http://localhost:8002/contest/contestList GET
2021-05-25 23:11:39.002 INFO  com.ibegu.dalao.aspect.LogAspect                  :54   [32m                  [0;39m ç±»åæ–¹æ³•: com.ibegu.dalao.controller.ContestController.getContestList
2021-05-25 23:11:39.002 INFO  com.ibegu.dalao.aspect.LogAspect                  :54   [32m                  [0;39m ç±»åæ–¹æ³•: com.ibegu.dalao.controller.ParticipantController.getDetail
2021-05-25 23:11:39.002 INFO  com.ibegu.dalao.aspect.LogAspect                  :55   [32m                  [0;39m è¿œç¨‹åœ°å€: 0:0:0:0:0:0:0:1
2021-05-25 23:11:39.002 INFO  com.ibegu.dalao.aspect.LogAspect                  :55   [32m                  [0;39m è¿œç¨‹åœ°å€: 0:0:0:0:0:0:0:1
2021-05-25 23:11:39.002 INFO  com.ibegu.dalao.aspect.LogAspect                  :77   [32m                  [0;39m è¯·æ±‚å‚æ•°: [{"page":0,"pid":1,"size":0}]
2021-05-25 23:11:39.002 INFO  com.ibegu.dalao.aspect.LogAspect                  :77   [32m                  [0;39m è¯·æ±‚å‚æ•°: [{"page":0,"pid":1,"size":0}]
2021-05-25 23:11:39.022 INFO  com.ibegu.dalao.aspect.LogAspect                  :97   [32m                  [0;39m è¿”å›ç»“æœ: {"content":{"accountStatus":0,"avatar":"fsfasda","college":"è½¯ä»¶å­¦é™¢","email":"2134243@qq.com","gender":"ç”·","grade":"å¤§ä¸€","idNumber":"534645756843523","joinDate":1621526400000,"major":"è½¯ä»¶å·¥ç¨‹","name":"å¤§ä½¬","nickname":"dalao","page":0,"pid":1,"size":0,"studentId":"37129481982741","telNum":"12345678","university":"å››å·å¤§å­¦"},"success":true}
2021-05-25 23:11:39.022 INFO  com.ibegu.dalao.aspect.LogAspect                  :98   [32m                  [0;39m ------------- ç»“æŸ è€—æ—¶ï¼š20 ms -------------
2021-05-25 23:11:39.022 INFO  com.ibegu.dalao.aspect.LogAspect                  :97   [32m                  [0;39m è¿”å›ç»“æœ: {"content":[{"audience":"å…¨å›½","category":"\r\n\r\n    æ•°å­¦ è®¡ç®—æœº&ä¿¡æ¯æŠ€æœ¯\r\n\r\næ•°å­¦ è®¡ç®—æœº&ä¿¡æ¯æŠ€æœ¯","cid":1,"competeEndTime":1622304000000,"competeStartTime":1622044800000,"contestName":"2021å¹´å…¨å›½å¤§å­¦ç”Ÿæ•°æ®ç»Ÿè®¡ä¸åˆ†æç«èµ›","contestStatus":0,"entryFee":150,"pageView":10,"rank":" å…¨å›½æ€§","registrationEndTime":1621526400000,"registrationStartTime":1618156800000,"sponsorId":1,"type":"ç»„é˜Ÿèµ›"},{"audience":"å…¨å›½","category":"Wordã€Excelã€PPTã€Cè¯­è¨€ã€C++ã€Java","cid":2,"competeEndTime":1621612800000,"competeStartTime":1621440000000,"contestName":"2021å¹´å…¨å›½å¤§å­¦ç”ŸæŠ€æœ¯ç«èµ›","contestStatus":1,"entryFee":200,"pageView":30,"rank":"å…¨å›½æ€§","registrationEndTime":1622304000000,"registrationStartTime":1621440000000,"sponsorId":2,"type":"ä¸ªäººèµ›"}],"success":true}
2021-05-25 23:11:39.022 INFO  com.ibegu.dalao.aspect.LogAspect                  :98   [32m                  [0;39m ------------- ç»“æŸ è€—æ—¶ï¼š20 ms -------------
2021-05-25 23:11:53.647 INFO  com.ibegu.dalao.aspect.LogAspect                  :52   [32m                  [0;39m ------------- å¼€å§‹ -------------
2021-05-25 23:11:53.647 INFO  com.ibegu.dalao.aspect.LogAspect                  :52   [32m                  [0;39m ------------- å¼€å§‹ -------------
2021-05-25 23:11:53.647 INFO  com.ibegu.dalao.aspect.LogAspect                  :53   [32m                  [0;39m è¯·æ±‚åœ°å€: http://localhost:8002/participant/pdetail GET
2021-05-25 23:11:53.647 INFO  com.ibegu.dalao.aspect.LogAspect                  :53   [32m                  [0;39m è¯·æ±‚åœ°å€: http://localhost:8002/contest/contestList GET
2021-05-25 23:11:53.647 INFO  com.ibegu.dalao.aspect.LogAspect                  :54   [32m                  [0;39m ç±»åæ–¹æ³•: com.ibegu.dalao.controller.ParticipantController.getDetail
2021-05-25 23:11:53.647 INFO  com.ibegu.dalao.aspect.LogAspect                  :54   [32m                  [0;39m ç±»åæ–¹æ³•: com.ibegu.dalao.controller.ContestController.getContestList
2021-05-25 23:11:53.647 INFO  com.ibegu.dalao.aspect.LogAspect                  :55   [32m                  [0;39m è¿œç¨‹åœ°å€: 0:0:0:0:0:0:0:1
2021-05-25 23:11:53.647 INFO  com.ibegu.dalao.aspect.LogAspect                  :55   [32m                  [0;39m è¿œç¨‹åœ°å€: 0:0:0:0:0:0:0:1
2021-05-25 23:11:53.647 INFO  com.ibegu.dalao.aspect.LogAspect                  :77   [32m                  [0;39m è¯·æ±‚å‚æ•°: [{"page":0,"pid":1,"size":0}]
2021-05-25 23:11:53.647 INFO  com.ibegu.dalao.aspect.LogAspect                  :77   [32m                  [0;39m è¯·æ±‚å‚æ•°: [{"page":0,"pid":1,"size":0}]
2021-05-25 23:11:53.653 INFO  com.ibegu.dalao.aspect.LogAspect                  :97   [32m                  [0;39m è¿”å›ç»“æœ: {"content":{"accountStatus":0,"avatar":"fsfasda","college":"è½¯ä»¶å­¦é™¢","email":"2134243@qq.com","gender":"ç”·","grade":"å¤§ä¸€","idNumber":"534645756843523","joinDate":1621526400000,"major":"è½¯ä»¶å·¥ç¨‹","name":"å¤§ä½¬","nickname":"dalao","page":0,"pid":1,"size":0,"studentId":"37129481982741","telNum":"12345678","university":"å››å·å¤§å­¦"},"success":true}
2021-05-25 23:11:53.653 INFO  com.ibegu.dalao.aspect.LogAspect                  :98   [32m                  [0;39m ------------- ç»“æŸ è€—æ—¶ï¼š6 ms -------------
2021-05-25 23:11:53.653 INFO  com.ibegu.dalao.aspect.LogAspect                  :97   [32m                  [0;39m è¿”å›ç»“æœ: {"content":[{"audience":"å…¨å›½","category":"\r\n\r\n    æ•°å­¦ è®¡ç®—æœº&ä¿¡æ¯æŠ€æœ¯\r\n\r\næ•°å­¦ è®¡ç®—æœº&ä¿¡æ¯æŠ€æœ¯","cid":1,"competeEndTime":1622304000000,"competeStartTime":1622044800000,"contestName":"2021å¹´å…¨å›½å¤§å­¦ç”Ÿæ•°æ®ç»Ÿè®¡ä¸åˆ†æç«èµ›","contestStatus":0,"entryFee":150,"pageView":10,"rank":" å…¨å›½æ€§","registrationEndTime":1621526400000,"registrationStartTime":1618156800000,"sponsorId":1,"type":"ç»„é˜Ÿèµ›"},{"audience":"å…¨å›½","category":"Wordã€Excelã€PPTã€Cè¯­è¨€ã€C++ã€Java","cid":2,"competeEndTime":1621612800000,"competeStartTime":1621440000000,"contestName":"2021å¹´å…¨å›½å¤§å­¦ç”ŸæŠ€æœ¯ç«èµ›","contestStatus":1,"entryFee":200,"pageView":30,"rank":"å…¨å›½æ€§","registrationEndTime":1622304000000,"registrationStartTime":1621440000000,"sponsorId":2,"type":"ä¸ªäººèµ›"}],"success":true}
2021-05-25 23:11:53.653 INFO  com.ibegu.dalao.aspect.LogAspect                  :98   [32m                  [0;39m ------------- ç»“æŸ è€—æ—¶ï¼š6 ms -------------
2021-05-25 23:11:53.922 INFO  com.ibegu.dalao.aspect.LogAspect                  :52   [32m                  [0;39m ------------- å¼€å§‹ -------------
2021-05-25 23:11:53.932 INFO  com.ibegu.dalao.aspect.LogAspect                  :53   [32m                  [0;39m è¯·æ±‚åœ°å€: http://localhost:8002/demo/list GET
2021-05-25 23:11:53.932 INFO  com.ibegu.dalao.aspect.LogAspect                  :54   [32m                  [0;39m ç±»åæ–¹æ³•: com.ibegu.dalao.controller.DemoController.list
2021-05-25 23:11:53.932 INFO  com.ibegu.dalao.aspect.LogAspect                  :55   [32m                  [0;39m è¿œç¨‹åœ°å€: 0:0:0:0:0:0:0:1
2021-05-25 23:11:53.932 INFO  com.ibegu.dalao.aspect.LogAspect                  :77   [32m                  [0;39m è¯·æ±‚å‚æ•°: [{}]
2021-05-25 23:11:53.937 INFO  com.ibegu.dalao.aspect.LogAspect                  :97   [32m                  [0;39m è¿”å›ç»“æœ: {"content":[],"success":true}
2021-05-25 23:11:53.937 INFO  com.ibegu.dalao.aspect.LogAspect                  :98   [32m                  [0;39m ------------- ç»“æŸ è€—æ—¶ï¼š15 ms -------------
2021-05-25 23:14:09.712 INFO  com.ibegu.dalao.aspect.LogAspect                  :52   [32m                  [0;39m ------------- å¼€å§‹ -------------
2021-05-25 23:14:09.712 INFO  com.ibegu.dalao.aspect.LogAspect                  :53   [32m                  [0;39m è¯·æ±‚åœ°å€: http://localhost:8002/participant/pdetail GET
2021-05-25 23:14:09.712 INFO  com.ibegu.dalao.aspect.LogAspect                  :54   [32m                  [0;39m ç±»åæ–¹æ³•: com.ibegu.dalao.controller.ParticipantController.getDetail
2021-05-25 23:14:09.712 INFO  com.ibegu.dalao.aspect.LogAspect                  :55   [32m                  [0;39m è¿œç¨‹åœ°å€: 0:0:0:0:0:0:0:1
2021-05-25 23:14:09.712 INFO  com.ibegu.dalao.aspect.LogAspect                  :77   [32m                  [0;39m è¯·æ±‚å‚æ•°: [{"page":0,"pid":1,"size":0}]
2021-05-25 23:14:09.722 INFO  com.ibegu.dalao.aspect.LogAspect                  :52   [32m                  [0;39m ------------- å¼€å§‹ -------------
2021-05-25 23:14:09.722 INFO  com.ibegu.dalao.aspect.LogAspect                  :53   [32m                  [0;39m è¯·æ±‚åœ°å€: http://localhost:8002/contest/contestList GET
2021-05-25 23:14:09.722 INFO  com.ibegu.dalao.aspect.LogAspect                  :54   [32m                  [0;39m ç±»åæ–¹æ³•: com.ibegu.dalao.controller.ContestController.getContestList
2021-05-25 23:14:09.722 INFO  com.ibegu.dalao.aspect.LogAspect                  :55   [32m                  [0;39m è¿œç¨‹åœ°å€: 0:0:0:0:0:0:0:1
2021-05-25 23:14:09.722 INFO  com.ibegu.dalao.aspect.LogAspect                  :77   [32m                  [0;39m è¯·æ±‚å‚æ•°: [{"page":0,"pid":1,"size":0}]
2021-05-25 23:14:09.722 INFO  com.ibegu.dalao.aspect.LogAspect                  :97   [32m                  [0;39m è¿”å›ç»“æœ: {"content":[{"audience":"å…¨å›½","category":"\r\n\r\n    æ•°å­¦ è®¡ç®—æœº&ä¿¡æ¯æŠ€æœ¯\r\n\r\næ•°å­¦ è®¡ç®—æœº&ä¿¡æ¯æŠ€æœ¯","cid":1,"competeEndTime":1622304000000,"competeStartTime":1622044800000,"contestName":"2021å¹´å…¨å›½å¤§å­¦ç”Ÿæ•°æ®ç»Ÿè®¡ä¸åˆ†æç«èµ›","contestStatus":0,"entryFee":150,"pageView":10,"rank":" å…¨å›½æ€§","registrationEndTime":1621526400000,"registrationStartTime":1618156800000,"sponsorId":1,"type":"ç»„é˜Ÿèµ›"},{"audience":"å…¨å›½","category":"Wordã€Excelã€PPTã€Cè¯­è¨€ã€C++ã€Java","cid":2,"competeEndTime":1621612800000,"competeStartTime":1621440000000,"contestName":"2021å¹´å…¨å›½å¤§å­¦ç”ŸæŠ€æœ¯ç«èµ›","contestStatus":1,"entryFee":200,"pageView":30,"rank":"å…¨å›½æ€§","registrationEndTime":1622304000000,"registrationStartTime":1621440000000,"sponsorId":2,"type":"ä¸ªäººèµ›"}],"success":true}
2021-05-25 23:14:09.722 INFO  com.ibegu.dalao.aspect.LogAspect                  :98   [32m                  [0;39m ------------- ç»“æŸ è€—æ—¶ï¼š0 ms -------------
2021-05-25 23:14:09.772 INFO  com.ibegu.dalao.aspect.LogAspect                  :97   [32m                  [0;39m è¿”å›ç»“æœ: {"content":{"accountStatus":0,"avatar":"fsfasda","college":"è½¯ä»¶å­¦é™¢","email":"2134243@qq.com","gender":"ç”·","grade":"å¤§ä¸€","idNumber":"534645756843523","joinDate":1621526400000,"major":"è½¯ä»¶å·¥ç¨‹","name":"å¤§ä½¬","nickname":"dalao","page":0,"pid":1,"size":0,"studentId":"37129481982741","telNum":"12345678","university":"å››å·å¤§å­¦"},"success":true}
2021-05-25 23:14:09.772 INFO  com.ibegu.dalao.aspect.LogAspect                  :98   [32m                  [0;39m ------------- ç»“æŸ è€—æ—¶ï¼š60 ms -------------
